#-----------------------------------------------------------
# Vivado v2018.2 (64-bit)
# SW Build 2258646 on Thu Jun 14 20:03:12 MDT 2018
# IP Build 2256618 on Thu Jun 14 22:10:49 MDT 2018
# Start of session at: Sun May 18 18:00:41 2025
# Process ID: 20808
# Current directory: C:/Users/sudil/Music/Improved Nano proc/Improved Nano proc/Improved Nano Proc Grp 17
# Command line: vivado.exe -gui_launcher_event rodinguilauncherevent19752 C:\Users\sudil\Music\Improved Nano proc\Improved Nano proc\Improved Nano Proc Grp 17\Nano2.xpr
# Log file: C:/Users/sudil/Music/Improved Nano proc/Improved Nano proc/Improved Nano Proc Grp 17/vivado.log
# Journal file: C:/Users/sudil/Music/Improved Nano proc/Improved Nano proc/Improved Nano Proc Grp 17\vivado.jou
#-----------------------------------------------------------
start_gui
open_project {C:/Users/sudil/Music/Improved Nano proc/Improved Nano proc/Improved Nano Proc Grp 17/Nano2.xpr}
INFO: [ProjectBase 1-489] The host OS only allows 260 characters in a normal path. The project is stored in a path with more than 80 characters. If you experience issues with IP, Block Designs, or files not being found, please consider moving the project to a location with a shorter path. Alternately consider using the OS subst command to map part of the path to a drive letter.
Current project path is 'C:/Users/sudil/Music/Improved Nano proc/Improved Nano proc/Improved Nano Proc Grp 17'
INFO: [Project 1-313] Project file moved from 'C:/Users/sudil/Music/Nano2t/Nano2' since last save.
Scanning sources...
Finished scanning sources
INFO: [IP_Flow 19-234] Refreshing IP repositories
INFO: [IP_Flow 19-1704] No user IP repositories specified
INFO: [IP_Flow 19-2313] Loaded Vivado IP repository 'D:/Vivado/Vivado/2018.2/data/ip'.
open_project: Time (s): cpu = 00:00:08 ; elapsed = 00:00:06 . Memory (MB): peak = 891.551 ; gain = 148.785
update_compile_order -fileset sources_1
reset_run synth_1
launch_runs synth_1 -jobs 8
[Sun May 18 18:04:38 2025] Launched synth_1...
Run output will be captured here: C:/Users/sudil/Music/Improved Nano proc/Improved Nano proc/Improved Nano Proc Grp 17/Nano2.runs/synth_1/runme.log
launch_runs impl_1 -jobs 8
[Sun May 18 18:05:08 2025] Launched impl_1...
Run output will be captured here: C:/Users/sudil/Music/Improved Nano proc/Improved Nano proc/Improved Nano Proc Grp 17/Nano2.runs/impl_1/runme.log
open_run impl_1
INFO: [Netlist 29-17] Analyzing 10 Unisim elements for replacement
INFO: [Netlist 29-28] Unisim Transformation completed in 0 CPU seconds
INFO: [Project 1-479] Netlist was created with Vivado 2018.2
INFO: [Device 21-403] Loading part xc7a35tcpg236-1
INFO: [Project 1-570] Preparing netlist for logic optimization
INFO: [Timing 38-478] Restoring timing data from binary archive.
INFO: [Timing 38-479] Binary timing data restore complete.
INFO: [Project 1-856] Restoring constraints from binary archive.
INFO: [Project 1-853] Binary constraint restore complete.
Reading XDEF placement.
Reading placer database...
Reading XDEF routing.
Read XDEF File: Time (s): cpu = 00:00:00 ; elapsed = 00:00:00.025 . Memory (MB): peak = 1757.809 ; gain = 0.000
Restored from archive | CPU: 0.000000 secs | Memory: 0.000000 MB |
Finished XDEF File Restore: Time (s): cpu = 00:00:00 ; elapsed = 00:00:00.027 . Memory (MB): peak = 1757.809 ; gain = 0.000
INFO: [Project 1-111] Unisim Transformation Summary:
No Unisim elements were transformed.

open_run: Time (s): cpu = 00:00:19 ; elapsed = 00:00:16 . Memory (MB): peak = 1880.840 ; gain = 945.930
launch_simulation
INFO: [Vivado 12-5682] Launching behavioral simulation in 'C:/Users/sudil/Music/Improved Nano proc/Improved Nano proc/Improved Nano Proc Grp 17/Nano2.sim/sim_1/behav/xsim'
INFO: [SIM-utils-51] Simulation object is 'sim_1'
INFO: [SIM-utils-54] Inspecting design source files for 'TB_nanoprocessor' in fileset 'sim_1'...
INFO: [USF-XSim-97] Finding global include files...
INFO: [USF-XSim-98] Fetching design files from 'sim_1'...
INFO: [USF-XSim-2] XSim::Compile design
INFO: [USF-XSim-61] Executing 'COMPILE and ANALYZE' step in 'C:/Users/sudil/Music/Improved Nano proc/Improved Nano proc/Improved Nano Proc Grp 17/Nano2.sim/sim_1/behav/xsim'
"xvhdl --incr --relax -prj TB_nanoprocessor_vhdl.prj"
INFO: [VRFC 10-163] Analyzing VHDL file "C:/Users/sudil/Music/Improved Nano proc/Improved Nano proc/Improved Nano Proc Grp 17/Nano2.srcs/sources_1/new/Adder_Subtractor.vhd" into library xil_defaultlib
INFO: [VRFC 10-307] analyzing entity Adder_Subtractor
INFO: [VRFC 10-163] Analyzing VHDL file "C:/Users/sudil/Music/Improved Nano proc/Improved Nano proc/Improved Nano Proc Grp 17/Nano2.srcs/sources_1/imports/new/D_FF.vhd" into library xil_defaultlib
INFO: [VRFC 10-307] analyzing entity D_FF
INFO: [VRFC 10-163] Analyzing VHDL file "C:/Users/sudil/Music/Improved Nano proc/Improved Nano proc/Improved Nano Proc Grp 17/Nano2.srcs/sources_1/new/Decoder_2_to_4.vhd" into library xil_defaultlib
INFO: [VRFC 10-307] analyzing entity Decoder_2_to_4
INFO: [VRFC 10-163] Analyzing VHDL file "C:/Users/sudil/Music/Improved Nano proc/Improved Nano proc/Improved Nano Proc Grp 17/Nano2.srcs/sources_1/new/Decoder_3_to_8.vhd" into library xil_defaultlib
INFO: [VRFC 10-307] analyzing entity Decoder_3_to_8
INFO: [VRFC 10-163] Analyzing VHDL file "C:/Users/sudil/Music/Improved Nano proc/Improved Nano proc/Improved Nano Proc Grp 17/Nano2.srcs/sources_1/new/FA.vhd" into library xil_defaultlib
INFO: [VRFC 10-307] analyzing entity FA
INFO: [VRFC 10-163] Analyzing VHDL file "C:/Users/sudil/Music/Improved Nano proc/Improved Nano proc/Improved Nano Proc Grp 17/Nano2.srcs/sources_1/new/HA.vhd" into library xil_defaultlib
INFO: [VRFC 10-307] analyzing entity HA
INFO: [VRFC 10-163] Analyzing VHDL file "C:/Users/sudil/Music/Improved Nano proc/Improved Nano proc/Improved Nano Proc Grp 17/Nano2.srcs/sources_1/new/Instruction_Decorder.vhd" into library xil_defaultlib
INFO: [VRFC 10-307] analyzing entity Instruction_Decoder
INFO: [VRFC 10-163] Analyzing VHDL file "C:/Users/sudil/Music/Improved Nano proc/Improved Nano proc/Improved Nano Proc Grp 17/Nano2.srcs/sources_1/new/LUT_16_7.vhd" into library xil_defaultlib
INFO: [VRFC 10-307] analyzing entity LUT_16_7
INFO: [VRFC 10-163] Analyzing VHDL file "C:/Users/sudil/Music/Improved Nano proc/Improved Nano proc/Improved Nano Proc Grp 17/Nano2.srcs/sources_1/new/MUX_2way_3bit.vhd" into library xil_defaultlib
INFO: [VRFC 10-307] analyzing entity MUX_2way_3bit
INFO: [VRFC 10-163] Analyzing VHDL file "C:/Users/sudil/Music/Improved Nano proc/Improved Nano proc/Improved Nano Proc Grp 17/Nano2.srcs/sources_1/new/MUX_2way_4bit.vhd" into library xil_defaultlib
INFO: [VRFC 10-307] analyzing entity MUX_2way_4bit
INFO: [VRFC 10-163] Analyzing VHDL file "C:/Users/sudil/Music/Improved Nano proc/Improved Nano proc/Improved Nano Proc Grp 17/Nano2.srcs/sources_1/new/MUX_8way_4bit.vhd" into library xil_defaultlib
INFO: [VRFC 10-307] analyzing entity MUX_8way_4bit
INFO: [VRFC 10-163] Analyzing VHDL file "C:/Users/sudil/Music/Improved Nano proc/Improved Nano proc/Improved Nano Proc Grp 17/Nano2.srcs/sources_1/new/ProgramCounter.vhd" into library xil_defaultlib
INFO: [VRFC 10-307] analyzing entity ProgramCounter
INFO: [VRFC 10-163] Analyzing VHDL file "C:/Users/sudil/Music/Improved Nano proc/Improved Nano proc/Improved Nano Proc Grp 17/Nano2.srcs/sources_1/new/RCA_3.vhd" into library xil_defaultlib
INFO: [VRFC 10-307] analyzing entity RCA_3
INFO: [VRFC 10-163] Analyzing VHDL file "C:/Users/sudil/Music/Improved Nano proc/Improved Nano proc/Improved Nano Proc Grp 17/Nano2.srcs/sources_1/new/ROM.vhd" into library xil_defaultlib
INFO: [VRFC 10-307] analyzing entity ROM
INFO: [VRFC 10-163] Analyzing VHDL file "C:/Users/sudil/Music/Improved Nano proc/Improved Nano proc/Improved Nano Proc Grp 17/Nano2.srcs/sources_1/new/Reg.vhd" into library xil_defaultlib
INFO: [VRFC 10-307] analyzing entity Reg
INFO: [VRFC 10-163] Analyzing VHDL file "C:/Users/sudil/Music/Improved Nano proc/Improved Nano proc/Improved Nano Proc Grp 17/Nano2.srcs/sources_1/new/RegBank.vhd" into library xil_defaultlib
INFO: [VRFC 10-307] analyzing entity RegBank
INFO: [VRFC 10-163] Analyzing VHDL file "C:/Users/sudil/Music/Improved Nano proc/Improved Nano proc/Improved Nano Proc Grp 17/Nano2.srcs/sources_1/new/Slow_Clk.vhd" into library xil_defaultlib
INFO: [VRFC 10-307] analyzing entity Slow_Clk
INFO: [VRFC 10-163] Analyzing VHDL file "C:/Users/sudil/Music/Improved Nano proc/Improved Nano proc/Improved Nano Proc Grp 17/Nano2.srcs/sources_1/new/nanoprocessor.vhd" into library xil_defaultlib
INFO: [VRFC 10-307] analyzing entity nanoprocessor
INFO: [VRFC 10-163] Analyzing VHDL file "C:/Users/sudil/Music/Improved Nano proc/Improved Nano proc/Improved Nano Proc Grp 17/Nano2.srcs/sim_1/new/TB_nanoprocessor.vhd" into library xil_defaultlib
INFO: [VRFC 10-307] analyzing entity TB_nanoprocessor
INFO: [USF-XSim-69] 'compile' step finished in '1' seconds
INFO: [USF-XSim-3] XSim::Elaborate design
INFO: [USF-XSim-61] Executing 'ELABORATE' step in 'C:/Users/sudil/Music/Improved Nano proc/Improved Nano proc/Improved Nano Proc Grp 17/Nano2.sim/sim_1/behav/xsim'
Vivado Simulator 2018.2
Copyright 1986-1999, 2001-2018 Xilinx, Inc. All Rights Reserved.
Running: D:/Vivado/Vivado/2018.2/bin/unwrapped/win64.o/xelab.exe -wto 701096fe2465408e8a455c8cce45f39a --incr --debug typical --relax --mt 2 -L xil_defaultlib -L secureip --snapshot TB_nanoprocessor_behav xil_defaultlib.TB_nanoprocessor -log elaborate.log 
Using 2 slave threads.
Starting static elaboration
Completed static elaboration
Starting simulation data flow analysis
Completed simulation data flow analysis
Time Resolution for simulation is 1ps
Compiling package std.standard
Compiling package std.textio
Compiling package ieee.std_logic_1164
Compiling package ieee.numeric_std
Compiling architecture behavioral of entity xil_defaultlib.Decoder_2_to_4 [decoder_2_to_4_default]
Compiling architecture behavioral of entity xil_defaultlib.Decoder_3_to_8 [decoder_3_to_8_default]
Compiling architecture behavioral of entity xil_defaultlib.Reg [reg_default]
Compiling architecture behavioral of entity xil_defaultlib.RegBank [regbank_default]
Compiling architecture behavioral of entity xil_defaultlib.MUX_8way_4bit [mux_8way_4bit_default]
Compiling architecture behavioral of entity xil_defaultlib.HA [ha_default]
Compiling architecture behavioral of entity xil_defaultlib.FA [fa_default]
Compiling architecture behavioral of entity xil_defaultlib.Adder_Subtractor [adder_subtractor_default]
Compiling architecture behavioral of entity xil_defaultlib.MUX_2way_4bit [mux_2way_4bit_default]
Compiling architecture behavioral of entity xil_defaultlib.Instruction_Decoder [instruction_decoder_default]
Compiling architecture behavioral of entity xil_defaultlib.ROM [rom_default]
Compiling architecture behavioral of entity xil_defaultlib.D_FF [d_ff_default]
Compiling architecture structural of entity xil_defaultlib.ProgramCounter [programcounter_default]
Compiling architecture behavioral of entity xil_defaultlib.RCA_3 [rca_3_default]
Compiling architecture behavioral of entity xil_defaultlib.MUX_2way_3bit [mux_2way_3bit_default]
Compiling architecture behavioral of entity xil_defaultlib.Slow_Clk [slow_clk_default]
Compiling architecture behavioral of entity xil_defaultlib.LUT_16_7 [lut_16_7_default]
Compiling architecture behavioral of entity xil_defaultlib.nanoprocessor [nanoprocessor_default]
Compiling architecture behavioral of entity xil_defaultlib.tb_nanoprocessor
Built simulation snapshot TB_nanoprocessor_behav

****** Webtalk v2018.2 (64-bit)
  **** SW Build 2258646 on Thu Jun 14 20:03:12 MDT 2018
  **** IP Build 2256618 on Thu Jun 14 22:10:49 MDT 2018
    ** Copyright 1986-2018 Xilinx, Inc. All Rights Reserved.

source C:/Users/sudil/Music/Improved -notrace
couldn't read file "C:/Users/sudil/Music/Improved": no such file or directory
INFO: [Common 17-206] Exiting Webtalk at Sun May 18 18:06:22 2025...
INFO: [USF-XSim-69] 'elaborate' step finished in '2' seconds
INFO: [USF-XSim-4] XSim::Simulate design
INFO: [USF-XSim-61] Executing 'SIMULATE' step in 'C:/Users/sudil/Music/Improved Nano proc/Improved Nano proc/Improved Nano Proc Grp 17/Nano2.sim/sim_1/behav/xsim'
INFO: [USF-XSim-98] *** Running xsim
   with args "TB_nanoprocessor_behav -key {Behavioral:sim_1:Functional:TB_nanoprocessor} -tclbatch {TB_nanoprocessor.tcl} -log {simulate.log}"
INFO: [USF-XSim-8] Loading simulator feature
Vivado Simulator 2018.2
Time resolution is 1 ps
source TB_nanoprocessor.tcl
# set curr_wave [current_wave_config]
# if { [string length $curr_wave] == 0 } {
#   if { [llength [get_objects]] > 0} {
#     add_wave /
#     set_property needs_save false [current_wave_config]
#   } else {
#      send_msg_id Add_Wave-1 WARNING "No top level signals found. Simulator will start without a wave window. If you want to open a wave window go to 'File->New Waveform Configuration' or type 'create_wave_config' in the TCL console."
#   }
# }
# run 1000ns
INFO: [USF-XSim-96] XSim completed. Design snapshot 'TB_nanoprocessor_behav' loaded.
INFO: [USF-XSim-97] XSim simulation ran for 1000ns
launch_simulation: Time (s): cpu = 00:00:03 ; elapsed = 00:00:06 . Memory (MB): peak = 1883.551 ; gain = 0.000
reset_run synth_1
WARNING: [Vivado 12-1017] Problems encountered:
1. Failed to delete one or more files in run directory C:/Users/sudil/Music/Improved Nano proc/Improved Nano proc/Improved Nano Proc Grp 17/Nano2.runs/synth_1

launch_runs synth_1 -jobs 8
[Sun May 18 18:13:11 2025] Launched synth_1...
Run output will be captured here: C:/Users/sudil/Music/Improved Nano proc/Improved Nano proc/Improved Nano Proc Grp 17/Nano2.runs/synth_1/runme.log
launch_runs impl_1 -jobs 8
[Sun May 18 18:13:48 2025] Launched impl_1...
Run output will be captured here: C:/Users/sudil/Music/Improved Nano proc/Improved Nano proc/Improved Nano Proc Grp 17/Nano2.runs/impl_1/runme.log
refresh_design
INFO: [Netlist 29-17] Analyzing 10 Unisim elements for replacement
INFO: [Netlist 29-28] Unisim Transformation completed in 0 CPU seconds
INFO: [Project 1-479] Netlist was created with Vivado 2018.2
INFO: [Project 1-570] Preparing netlist for logic optimization
INFO: [Timing 38-478] Restoring timing data from binary archive.
INFO: [Timing 38-479] Binary timing data restore complete.
INFO: [Project 1-856] Restoring constraints from binary archive.
INFO: [Project 1-853] Binary constraint restore complete.
Reading XDEF placement.
Reading placer database...
Reading XDEF routing.
Read XDEF File: Time (s): cpu = 00:00:00 ; elapsed = 00:00:00.064 . Memory (MB): peak = 1883.551 ; gain = 0.000
Restored from archive | CPU: 0.000000 secs | Memory: 0.000000 MB |
Finished XDEF File Restore: Time (s): cpu = 00:00:00 ; elapsed = 00:00:00.064 . Memory (MB): peak = 1883.551 ; gain = 0.000
close_sim
INFO: [Simtcl 6-16] Simulation closed
launch_simulation
INFO: [Vivado 12-5682] Launching behavioral simulation in 'C:/Users/sudil/Music/Improved Nano proc/Improved Nano proc/Improved Nano Proc Grp 17/Nano2.sim/sim_1/behav/xsim'
INFO: [SIM-utils-51] Simulation object is 'sim_1'
INFO: [SIM-utils-54] Inspecting design source files for 'TB_nanoprocessor' in fileset 'sim_1'...
INFO: [USF-XSim-97] Finding global include files...
INFO: [USF-XSim-98] Fetching design files from 'sim_1'...
INFO: [USF-XSim-2] XSim::Compile design
INFO: [USF-XSim-61] Executing 'COMPILE and ANALYZE' step in 'C:/Users/sudil/Music/Improved Nano proc/Improved Nano proc/Improved Nano Proc Grp 17/Nano2.sim/sim_1/behav/xsim'
"xvhdl --incr --relax -prj TB_nanoprocessor_vhdl.prj"
INFO: [VRFC 10-163] Analyzing VHDL file "C:/Users/sudil/Music/Improved Nano proc/Improved Nano proc/Improved Nano Proc Grp 17/Nano2.srcs/sources_1/new/Instruction_Decorder.vhd" into library xil_defaultlib
INFO: [VRFC 10-307] analyzing entity Instruction_Decoder
INFO: [VRFC 10-163] Analyzing VHDL file "C:/Users/sudil/Music/Improved Nano proc/Improved Nano proc/Improved Nano Proc Grp 17/Nano2.srcs/sources_1/new/ROM.vhd" into library xil_defaultlib
INFO: [VRFC 10-307] analyzing entity ROM
INFO: [USF-XSim-69] 'compile' step finished in '1' seconds
INFO: [USF-XSim-3] XSim::Elaborate design
INFO: [USF-XSim-61] Executing 'ELABORATE' step in 'C:/Users/sudil/Music/Improved Nano proc/Improved Nano proc/Improved Nano Proc Grp 17/Nano2.sim/sim_1/behav/xsim'
Vivado Simulator 2018.2
Copyright 1986-1999, 2001-2018 Xilinx, Inc. All Rights Reserved.
Running: D:/Vivado/Vivado/2018.2/bin/unwrapped/win64.o/xelab.exe -wto 701096fe2465408e8a455c8cce45f39a --incr --debug typical --relax --mt 2 -L xil_defaultlib -L secureip --snapshot TB_nanoprocessor_behav xil_defaultlib.TB_nanoprocessor -log elaborate.log 
Using 2 slave threads.
Starting static elaboration
Completed static elaboration
Starting simulation data flow analysis
Completed simulation data flow analysis
Time Resolution for simulation is 1ps
Compiling package std.standard
Compiling package std.textio
Compiling package ieee.std_logic_1164
Compiling package ieee.numeric_std
Compiling architecture behavioral of entity xil_defaultlib.Decoder_2_to_4 [decoder_2_to_4_default]
Compiling architecture behavioral of entity xil_defaultlib.Decoder_3_to_8 [decoder_3_to_8_default]
Compiling architecture behavioral of entity xil_defaultlib.Reg [reg_default]
Compiling architecture behavioral of entity xil_defaultlib.RegBank [regbank_default]
Compiling architecture behavioral of entity xil_defaultlib.MUX_8way_4bit [mux_8way_4bit_default]
Compiling architecture behavioral of entity xil_defaultlib.HA [ha_default]
Compiling architecture behavioral of entity xil_defaultlib.FA [fa_default]
Compiling architecture behavioral of entity xil_defaultlib.Adder_Subtractor [adder_subtractor_default]
Compiling architecture behavioral of entity xil_defaultlib.MUX_2way_4bit [mux_2way_4bit_default]
Compiling architecture behavioral of entity xil_defaultlib.Instruction_Decoder [instruction_decoder_default]
Compiling architecture behavioral of entity xil_defaultlib.ROM [rom_default]
Compiling architecture behavioral of entity xil_defaultlib.D_FF [d_ff_default]
Compiling architecture structural of entity xil_defaultlib.ProgramCounter [programcounter_default]
Compiling architecture behavioral of entity xil_defaultlib.RCA_3 [rca_3_default]
Compiling architecture behavioral of entity xil_defaultlib.MUX_2way_3bit [mux_2way_3bit_default]
Compiling architecture behavioral of entity xil_defaultlib.Slow_Clk [slow_clk_default]
Compiling architecture behavioral of entity xil_defaultlib.LUT_16_7 [lut_16_7_default]
Compiling architecture behavioral of entity xil_defaultlib.nanoprocessor [nanoprocessor_default]
Compiling architecture behavioral of entity xil_defaultlib.tb_nanoprocessor
Built simulation snapshot TB_nanoprocessor_behav
INFO: [USF-XSim-69] 'elaborate' step finished in '1' seconds
INFO: [USF-XSim-4] XSim::Simulate design
INFO: [USF-XSim-61] Executing 'SIMULATE' step in 'C:/Users/sudil/Music/Improved Nano proc/Improved Nano proc/Improved Nano Proc Grp 17/Nano2.sim/sim_1/behav/xsim'
INFO: [USF-XSim-98] *** Running xsim
   with args "TB_nanoprocessor_behav -key {Behavioral:sim_1:Functional:TB_nanoprocessor} -tclbatch {TB_nanoprocessor.tcl} -log {simulate.log}"
INFO: [USF-XSim-8] Loading simulator feature
Vivado Simulator 2018.2
Time resolution is 1 ps
source TB_nanoprocessor.tcl
# set curr_wave [current_wave_config]
# if { [string length $curr_wave] == 0 } {
#   if { [llength [get_objects]] > 0} {
#     add_wave /
#     set_property needs_save false [current_wave_config]
#   } else {
#      send_msg_id Add_Wave-1 WARNING "No top level signals found. Simulator will start without a wave window. If you want to open a wave window go to 'File->New Waveform Configuration' or type 'create_wave_config' in the TCL console."
#   }
# }
# run 1000ns
INFO: [USF-XSim-96] XSim completed. Design snapshot 'TB_nanoprocessor_behav' loaded.
INFO: [USF-XSim-97] XSim simulation ran for 1000ns
reset_run synth_1
WARNING: [Vivado 12-1017] Problems encountered:
1. Failed to delete one or more files in run directory C:/Users/sudil/Music/Improved Nano proc/Improved Nano proc/Improved Nano Proc Grp 17/Nano2.runs/synth_1

launch_runs synth_1 -jobs 8
[Sun May 18 18:16:41 2025] Launched synth_1...
Run output will be captured here: C:/Users/sudil/Music/Improved Nano proc/Improved Nano proc/Improved Nano Proc Grp 17/Nano2.runs/synth_1/runme.log
launch_runs impl_1 -jobs 8
[Sun May 18 18:17:19 2025] Launched impl_1...
Run output will be captured here: C:/Users/sudil/Music/Improved Nano proc/Improved Nano proc/Improved Nano Proc Grp 17/Nano2.runs/impl_1/runme.log
refresh_design
INFO: [Netlist 29-17] Analyzing 10 Unisim elements for replacement
INFO: [Netlist 29-28] Unisim Transformation completed in 0 CPU seconds
INFO: [Project 1-479] Netlist was created with Vivado 2018.2
INFO: [Project 1-570] Preparing netlist for logic optimization
INFO: [Timing 38-478] Restoring timing data from binary archive.
INFO: [Timing 38-479] Binary timing data restore complete.
INFO: [Project 1-856] Restoring constraints from binary archive.
INFO: [Project 1-853] Binary constraint restore complete.
Reading XDEF placement.
Reading placer database...
Reading XDEF routing.
Read XDEF File: Time (s): cpu = 00:00:00 ; elapsed = 00:00:00.042 . Memory (MB): peak = 1909.918 ; gain = 0.000
Restored from archive | CPU: 0.000000 secs | Memory: 0.000000 MB |
Finished XDEF File Restore: Time (s): cpu = 00:00:00 ; elapsed = 00:00:00.042 . Memory (MB): peak = 1909.918 ; gain = 0.000
close_sim
INFO: [Simtcl 6-16] Simulation closed
launch_simulation
INFO: [Vivado 12-5682] Launching behavioral simulation in 'C:/Users/sudil/Music/Improved Nano proc/Improved Nano proc/Improved Nano Proc Grp 17/Nano2.sim/sim_1/behav/xsim'
INFO: [SIM-utils-51] Simulation object is 'sim_1'
INFO: [SIM-utils-54] Inspecting design source files for 'TB_nanoprocessor' in fileset 'sim_1'...
INFO: [USF-XSim-97] Finding global include files...
INFO: [USF-XSim-98] Fetching design files from 'sim_1'...
INFO: [USF-XSim-2] XSim::Compile design
INFO: [USF-XSim-61] Executing 'COMPILE and ANALYZE' step in 'C:/Users/sudil/Music/Improved Nano proc/Improved Nano proc/Improved Nano Proc Grp 17/Nano2.sim/sim_1/behav/xsim'
"xvhdl --incr --relax -prj TB_nanoprocessor_vhdl.prj"
INFO: [VRFC 10-163] Analyzing VHDL file "C:/Users/sudil/Music/Improved Nano proc/Improved Nano proc/Improved Nano Proc Grp 17/Nano2.srcs/sources_1/new/ROM.vhd" into library xil_defaultlib
INFO: [VRFC 10-307] analyzing entity ROM
INFO: [USF-XSim-69] 'compile' step finished in '1' seconds
INFO: [USF-XSim-3] XSim::Elaborate design
INFO: [USF-XSim-61] Executing 'ELABORATE' step in 'C:/Users/sudil/Music/Improved Nano proc/Improved Nano proc/Improved Nano Proc Grp 17/Nano2.sim/sim_1/behav/xsim'
Vivado Simulator 2018.2
Copyright 1986-1999, 2001-2018 Xilinx, Inc. All Rights Reserved.
Running: D:/Vivado/Vivado/2018.2/bin/unwrapped/win64.o/xelab.exe -wto 701096fe2465408e8a455c8cce45f39a --incr --debug typical --relax --mt 2 -L xil_defaultlib -L secureip --snapshot TB_nanoprocessor_behav xil_defaultlib.TB_nanoprocessor -log elaborate.log 
Using 2 slave threads.
Starting static elaboration
Completed static elaboration
Starting simulation data flow analysis
Completed simulation data flow analysis
Time Resolution for simulation is 1ps
Compiling package std.standard
Compiling package std.textio
Compiling package ieee.std_logic_1164
Compiling package ieee.numeric_std
Compiling architecture behavioral of entity xil_defaultlib.Decoder_2_to_4 [decoder_2_to_4_default]
Compiling architecture behavioral of entity xil_defaultlib.Decoder_3_to_8 [decoder_3_to_8_default]
Compiling architecture behavioral of entity xil_defaultlib.Reg [reg_default]
Compiling architecture behavioral of entity xil_defaultlib.RegBank [regbank_default]
Compiling architecture behavioral of entity xil_defaultlib.MUX_8way_4bit [mux_8way_4bit_default]
Compiling architecture behavioral of entity xil_defaultlib.HA [ha_default]
Compiling architecture behavioral of entity xil_defaultlib.FA [fa_default]
Compiling architecture behavioral of entity xil_defaultlib.Adder_Subtractor [adder_subtractor_default]
Compiling architecture behavioral of entity xil_defaultlib.MUX_2way_4bit [mux_2way_4bit_default]
Compiling architecture behavioral of entity xil_defaultlib.Instruction_Decoder [instruction_decoder_default]
Compiling architecture behavioral of entity xil_defaultlib.ROM [rom_default]
Compiling architecture behavioral of entity xil_defaultlib.D_FF [d_ff_default]
Compiling architecture structural of entity xil_defaultlib.ProgramCounter [programcounter_default]
Compiling architecture behavioral of entity xil_defaultlib.RCA_3 [rca_3_default]
Compiling architecture behavioral of entity xil_defaultlib.MUX_2way_3bit [mux_2way_3bit_default]
Compiling architecture behavioral of entity xil_defaultlib.Slow_Clk [slow_clk_default]
Compiling architecture behavioral of entity xil_defaultlib.LUT_16_7 [lut_16_7_default]
Compiling architecture behavioral of entity xil_defaultlib.nanoprocessor [nanoprocessor_default]
Compiling architecture behavioral of entity xil_defaultlib.tb_nanoprocessor
Built simulation snapshot TB_nanoprocessor_behav
INFO: [USF-XSim-69] 'elaborate' step finished in '1' seconds
INFO: [USF-XSim-4] XSim::Simulate design
INFO: [USF-XSim-61] Executing 'SIMULATE' step in 'C:/Users/sudil/Music/Improved Nano proc/Improved Nano proc/Improved Nano Proc Grp 17/Nano2.sim/sim_1/behav/xsim'
INFO: [USF-XSim-98] *** Running xsim
   with args "TB_nanoprocessor_behav -key {Behavioral:sim_1:Functional:TB_nanoprocessor} -tclbatch {TB_nanoprocessor.tcl} -log {simulate.log}"
INFO: [USF-XSim-8] Loading simulator feature
Vivado Simulator 2018.2
Time resolution is 1 ps
source TB_nanoprocessor.tcl
# set curr_wave [current_wave_config]
# if { [string length $curr_wave] == 0 } {
#   if { [llength [get_objects]] > 0} {
#     add_wave /
#     set_property needs_save false [current_wave_config]
#   } else {
#      send_msg_id Add_Wave-1 WARNING "No top level signals found. Simulator will start without a wave window. If you want to open a wave window go to 'File->New Waveform Configuration' or type 'create_wave_config' in the TCL console."
#   }
# }
# run 1000ns
INFO: [USF-XSim-96] XSim completed. Design snapshot 'TB_nanoprocessor_behav' loaded.
INFO: [USF-XSim-97] XSim simulation ran for 1000ns
reset_run synth_1
WARNING: [Vivado 12-1017] Problems encountered:
1. Failed to delete one or more files in run directory C:/Users/sudil/Music/Improved Nano proc/Improved Nano proc/Improved Nano Proc Grp 17/Nano2.runs/synth_1

launch_runs synth_1 -jobs 8
[Sun May 18 18:20:08 2025] Launched synth_1...
Run output will be captured here: C:/Users/sudil/Music/Improved Nano proc/Improved Nano proc/Improved Nano Proc Grp 17/Nano2.runs/synth_1/runme.log
reset_run synth_1
WARNING: [Vivado 12-1017] Problems encountered:
1. Failed to delete one or more files in run directory C:/Users/sudil/Music/Improved Nano proc/Improved Nano proc/Improved Nano Proc Grp 17/Nano2.runs/synth_1

launch_runs synth_1 -jobs 8
[Sun May 18 18:25:53 2025] Launched synth_1...
Run output will be captured here: C:/Users/sudil/Music/Improved Nano proc/Improved Nano proc/Improved Nano Proc Grp 17/Nano2.runs/synth_1/runme.log
launch_runs impl_1 -jobs 8
[Sun May 18 18:26:21 2025] Launched impl_1...
Run output will be captured here: C:/Users/sudil/Music/Improved Nano proc/Improved Nano proc/Improved Nano Proc Grp 17/Nano2.runs/impl_1/runme.log
refresh_design
INFO: [Netlist 29-17] Analyzing 10 Unisim elements for replacement
INFO: [Netlist 29-28] Unisim Transformation completed in 0 CPU seconds
INFO: [Project 1-479] Netlist was created with Vivado 2018.2
INFO: [Project 1-570] Preparing netlist for logic optimization
INFO: [Timing 38-478] Restoring timing data from binary archive.
INFO: [Timing 38-479] Binary timing data restore complete.
INFO: [Project 1-856] Restoring constraints from binary archive.
INFO: [Project 1-853] Binary constraint restore complete.
Reading XDEF placement.
Reading placer database...
Reading XDEF routing.
Read XDEF File: Time (s): cpu = 00:00:00 ; elapsed = 00:00:00.053 . Memory (MB): peak = 1929.684 ; gain = 0.000
Restored from archive | CPU: 0.000000 secs | Memory: 0.000000 MB |
Finished XDEF File Restore: Time (s): cpu = 00:00:00 ; elapsed = 00:00:00.053 . Memory (MB): peak = 1929.684 ; gain = 0.000
close_sim
INFO: [Simtcl 6-16] Simulation closed
launch_simulation
INFO: [Vivado 12-5682] Launching behavioral simulation in 'C:/Users/sudil/Music/Improved Nano proc/Improved Nano proc/Improved Nano Proc Grp 17/Nano2.sim/sim_1/behav/xsim'
INFO: [SIM-utils-51] Simulation object is 'sim_1'
INFO: [SIM-utils-54] Inspecting design source files for 'TB_nanoprocessor' in fileset 'sim_1'...
INFO: [USF-XSim-97] Finding global include files...
INFO: [USF-XSim-98] Fetching design files from 'sim_1'...
INFO: [USF-XSim-2] XSim::Compile design
INFO: [USF-XSim-61] Executing 'COMPILE and ANALYZE' step in 'C:/Users/sudil/Music/Improved Nano proc/Improved Nano proc/Improved Nano Proc Grp 17/Nano2.sim/sim_1/behav/xsim'
"xvhdl --incr --relax -prj TB_nanoprocessor_vhdl.prj"
INFO: [VRFC 10-163] Analyzing VHDL file "C:/Users/sudil/Music/Improved Nano proc/Improved Nano proc/Improved Nano Proc Grp 17/Nano2.srcs/sources_1/new/Instruction_Decorder.vhd" into library xil_defaultlib
INFO: [VRFC 10-307] analyzing entity Instruction_Decoder
INFO: [VRFC 10-163] Analyzing VHDL file "C:/Users/sudil/Music/Improved Nano proc/Improved Nano proc/Improved Nano Proc Grp 17/Nano2.srcs/sources_1/new/ROM.vhd" into library xil_defaultlib
INFO: [VRFC 10-307] analyzing entity ROM
INFO: [USF-XSim-69] 'compile' step finished in '1' seconds
INFO: [USF-XSim-3] XSim::Elaborate design
INFO: [USF-XSim-61] Executing 'ELABORATE' step in 'C:/Users/sudil/Music/Improved Nano proc/Improved Nano proc/Improved Nano Proc Grp 17/Nano2.sim/sim_1/behav/xsim'
Vivado Simulator 2018.2
Copyright 1986-1999, 2001-2018 Xilinx, Inc. All Rights Reserved.
Running: D:/Vivado/Vivado/2018.2/bin/unwrapped/win64.o/xelab.exe -wto 701096fe2465408e8a455c8cce45f39a --incr --debug typical --relax --mt 2 -L xil_defaultlib -L secureip --snapshot TB_nanoprocessor_behav xil_defaultlib.TB_nanoprocessor -log elaborate.log 
Using 2 slave threads.
Starting static elaboration
Completed static elaboration
Starting simulation data flow analysis
Completed simulation data flow analysis
Time Resolution for simulation is 1ps
Compiling package std.standard
Compiling package std.textio
Compiling package ieee.std_logic_1164
Compiling package ieee.numeric_std
Compiling architecture behavioral of entity xil_defaultlib.Decoder_2_to_4 [decoder_2_to_4_default]
Compiling architecture behavioral of entity xil_defaultlib.Decoder_3_to_8 [decoder_3_to_8_default]
Compiling architecture behavioral of entity xil_defaultlib.Reg [reg_default]
Compiling architecture behavioral of entity xil_defaultlib.RegBank [regbank_default]
Compiling architecture behavioral of entity xil_defaultlib.MUX_8way_4bit [mux_8way_4bit_default]
Compiling architecture behavioral of entity xil_defaultlib.HA [ha_default]
Compiling architecture behavioral of entity xil_defaultlib.FA [fa_default]
Compiling architecture behavioral of entity xil_defaultlib.Adder_Subtractor [adder_subtractor_default]
Compiling architecture behavioral of entity xil_defaultlib.MUX_2way_4bit [mux_2way_4bit_default]
Compiling architecture behavioral of entity xil_defaultlib.Instruction_Decoder [instruction_decoder_default]
Compiling architecture behavioral of entity xil_defaultlib.ROM [rom_default]
Compiling architecture behavioral of entity xil_defaultlib.D_FF [d_ff_default]
Compiling architecture structural of entity xil_defaultlib.ProgramCounter [programcounter_default]
Compiling architecture behavioral of entity xil_defaultlib.RCA_3 [rca_3_default]
Compiling architecture behavioral of entity xil_defaultlib.MUX_2way_3bit [mux_2way_3bit_default]
Compiling architecture behavioral of entity xil_defaultlib.Slow_Clk [slow_clk_default]
Compiling architecture behavioral of entity xil_defaultlib.LUT_16_7 [lut_16_7_default]
Compiling architecture behavioral of entity xil_defaultlib.nanoprocessor [nanoprocessor_default]
Compiling architecture behavioral of entity xil_defaultlib.tb_nanoprocessor
Built simulation snapshot TB_nanoprocessor_behav
INFO: [USF-XSim-69] 'elaborate' step finished in '1' seconds
INFO: [USF-XSim-4] XSim::Simulate design
INFO: [USF-XSim-61] Executing 'SIMULATE' step in 'C:/Users/sudil/Music/Improved Nano proc/Improved Nano proc/Improved Nano Proc Grp 17/Nano2.sim/sim_1/behav/xsim'
INFO: [USF-XSim-98] *** Running xsim
   with args "TB_nanoprocessor_behav -key {Behavioral:sim_1:Functional:TB_nanoprocessor} -tclbatch {TB_nanoprocessor.tcl} -log {simulate.log}"
INFO: [USF-XSim-8] Loading simulator feature
Vivado Simulator 2018.2
Time resolution is 1 ps
source TB_nanoprocessor.tcl
# set curr_wave [current_wave_config]
# if { [string length $curr_wave] == 0 } {
#   if { [llength [get_objects]] > 0} {
#     add_wave /
#     set_property needs_save false [current_wave_config]
#   } else {
#      send_msg_id Add_Wave-1 WARNING "No top level signals found. Simulator will start without a wave window. If you want to open a wave window go to 'File->New Waveform Configuration' or type 'create_wave_config' in the TCL console."
#   }
# }
# run 1000ns
INFO: [USF-XSim-96] XSim completed. Design snapshot 'TB_nanoprocessor_behav' loaded.
INFO: [USF-XSim-97] XSim simulation ran for 1000ns
reset_run synth_1
WARNING: [Vivado 12-1017] Problems encountered:
1. Failed to delete one or more files in run directory C:/Users/sudil/Music/Improved Nano proc/Improved Nano proc/Improved Nano Proc Grp 17/Nano2.runs/synth_1

launch_runs synth_1 -jobs 8
[Sun May 18 18:29:09 2025] Launched synth_1...
Run output will be captured here: C:/Users/sudil/Music/Improved Nano proc/Improved Nano proc/Improved Nano Proc Grp 17/Nano2.runs/synth_1/runme.log
launch_runs impl_1 -jobs 8
[Sun May 18 18:29:38 2025] Launched impl_1...
Run output will be captured here: C:/Users/sudil/Music/Improved Nano proc/Improved Nano proc/Improved Nano Proc Grp 17/Nano2.runs/impl_1/runme.log
refresh_design
INFO: [Netlist 29-17] Analyzing 10 Unisim elements for replacement
INFO: [Netlist 29-28] Unisim Transformation completed in 0 CPU seconds
INFO: [Project 1-479] Netlist was created with Vivado 2018.2
INFO: [Project 1-570] Preparing netlist for logic optimization
INFO: [Timing 38-478] Restoring timing data from binary archive.
INFO: [Timing 38-479] Binary timing data restore complete.
INFO: [Project 1-856] Restoring constraints from binary archive.
INFO: [Project 1-853] Binary constraint restore complete.
Reading XDEF placement.
Reading placer database...
Reading XDEF routing.
Read XDEF File: Time (s): cpu = 00:00:00 ; elapsed = 00:00:00.041 . Memory (MB): peak = 1939.902 ; gain = 0.000
Restored from archive | CPU: 0.000000 secs | Memory: 0.000000 MB |
Finished XDEF File Restore: Time (s): cpu = 00:00:00 ; elapsed = 00:00:00.041 . Memory (MB): peak = 1939.902 ; gain = 0.000
close_sim
INFO: [Simtcl 6-16] Simulation closed
launch_simulation
INFO: [Vivado 12-5682] Launching behavioral simulation in 'C:/Users/sudil/Music/Improved Nano proc/Improved Nano proc/Improved Nano Proc Grp 17/Nano2.sim/sim_1/behav/xsim'
INFO: [SIM-utils-51] Simulation object is 'sim_1'
INFO: [SIM-utils-54] Inspecting design source files for 'TB_nanoprocessor' in fileset 'sim_1'...
INFO: [USF-XSim-97] Finding global include files...
INFO: [USF-XSim-98] Fetching design files from 'sim_1'...
INFO: [USF-XSim-2] XSim::Compile design
INFO: [USF-XSim-61] Executing 'COMPILE and ANALYZE' step in 'C:/Users/sudil/Music/Improved Nano proc/Improved Nano proc/Improved Nano Proc Grp 17/Nano2.sim/sim_1/behav/xsim'
"xvhdl --incr --relax -prj TB_nanoprocessor_vhdl.prj"
INFO: [VRFC 10-163] Analyzing VHDL file "C:/Users/sudil/Music/Improved Nano proc/Improved Nano proc/Improved Nano Proc Grp 17/Nano2.srcs/sources_1/new/ROM.vhd" into library xil_defaultlib
INFO: [VRFC 10-307] analyzing entity ROM
INFO: [USF-XSim-69] 'compile' step finished in '1' seconds
INFO: [USF-XSim-3] XSim::Elaborate design
INFO: [USF-XSim-61] Executing 'ELABORATE' step in 'C:/Users/sudil/Music/Improved Nano proc/Improved Nano proc/Improved Nano Proc Grp 17/Nano2.sim/sim_1/behav/xsim'
Vivado Simulator 2018.2
Copyright 1986-1999, 2001-2018 Xilinx, Inc. All Rights Reserved.
Running: D:/Vivado/Vivado/2018.2/bin/unwrapped/win64.o/xelab.exe -wto 701096fe2465408e8a455c8cce45f39a --incr --debug typical --relax --mt 2 -L xil_defaultlib -L secureip --snapshot TB_nanoprocessor_behav xil_defaultlib.TB_nanoprocessor -log elaborate.log 
Using 2 slave threads.
Starting static elaboration
Completed static elaboration
Starting simulation data flow analysis
Completed simulation data flow analysis
Time Resolution for simulation is 1ps
Compiling package std.standard
Compiling package std.textio
Compiling package ieee.std_logic_1164
Compiling package ieee.numeric_std
Compiling architecture behavioral of entity xil_defaultlib.Decoder_2_to_4 [decoder_2_to_4_default]
Compiling architecture behavioral of entity xil_defaultlib.Decoder_3_to_8 [decoder_3_to_8_default]
Compiling architecture behavioral of entity xil_defaultlib.Reg [reg_default]
Compiling architecture behavioral of entity xil_defaultlib.RegBank [regbank_default]
Compiling architecture behavioral of entity xil_defaultlib.MUX_8way_4bit [mux_8way_4bit_default]
Compiling architecture behavioral of entity xil_defaultlib.HA [ha_default]
Compiling architecture behavioral of entity xil_defaultlib.FA [fa_default]
Compiling architecture behavioral of entity xil_defaultlib.Adder_Subtractor [adder_subtractor_default]
Compiling architecture behavioral of entity xil_defaultlib.MUX_2way_4bit [mux_2way_4bit_default]
Compiling architecture behavioral of entity xil_defaultlib.Instruction_Decoder [instruction_decoder_default]
Compiling architecture behavioral of entity xil_defaultlib.ROM [rom_default]
Compiling architecture behavioral of entity xil_defaultlib.D_FF [d_ff_default]
Compiling architecture structural of entity xil_defaultlib.ProgramCounter [programcounter_default]
Compiling architecture behavioral of entity xil_defaultlib.RCA_3 [rca_3_default]
Compiling architecture behavioral of entity xil_defaultlib.MUX_2way_3bit [mux_2way_3bit_default]
Compiling architecture behavioral of entity xil_defaultlib.Slow_Clk [slow_clk_default]
Compiling architecture behavioral of entity xil_defaultlib.LUT_16_7 [lut_16_7_default]
Compiling architecture behavioral of entity xil_defaultlib.nanoprocessor [nanoprocessor_default]
Compiling architecture behavioral of entity xil_defaultlib.tb_nanoprocessor
Built simulation snapshot TB_nanoprocessor_behav
INFO: [USF-XSim-69] 'elaborate' step finished in '1' seconds
INFO: [USF-XSim-4] XSim::Simulate design
INFO: [USF-XSim-61] Executing 'SIMULATE' step in 'C:/Users/sudil/Music/Improved Nano proc/Improved Nano proc/Improved Nano Proc Grp 17/Nano2.sim/sim_1/behav/xsim'
INFO: [USF-XSim-98] *** Running xsim
   with args "TB_nanoprocessor_behav -key {Behavioral:sim_1:Functional:TB_nanoprocessor} -tclbatch {TB_nanoprocessor.tcl} -log {simulate.log}"
INFO: [USF-XSim-8] Loading simulator feature
Vivado Simulator 2018.2
Time resolution is 1 ps
source TB_nanoprocessor.tcl
# set curr_wave [current_wave_config]
# if { [string length $curr_wave] == 0 } {
#   if { [llength [get_objects]] > 0} {
#     add_wave /
#     set_property needs_save false [current_wave_config]
#   } else {
#      send_msg_id Add_Wave-1 WARNING "No top level signals found. Simulator will start without a wave window. If you want to open a wave window go to 'File->New Waveform Configuration' or type 'create_wave_config' in the TCL console."
#   }
# }
# run 1000ns
INFO: [USF-XSim-96] XSim completed. Design snapshot 'TB_nanoprocessor_behav' loaded.
INFO: [USF-XSim-97] XSim simulation ran for 1000ns
reset_run synth_1
WARNING: [Vivado 12-1017] Problems encountered:
1. Failed to delete one or more files in run directory C:/Users/sudil/Music/Improved Nano proc/Improved Nano proc/Improved Nano Proc Grp 17/Nano2.runs/synth_1

launch_runs synth_1 -jobs 8
[Sun May 18 18:32:51 2025] Launched synth_1...
Run output will be captured here: C:/Users/sudil/Music/Improved Nano proc/Improved Nano proc/Improved Nano Proc Grp 17/Nano2.runs/synth_1/runme.log
launch_runs impl_1 -jobs 8
[Sun May 18 18:33:17 2025] Launched impl_1...
Run output will be captured here: C:/Users/sudil/Music/Improved Nano proc/Improved Nano proc/Improved Nano Proc Grp 17/Nano2.runs/impl_1/runme.log
refresh_design
INFO: [Netlist 29-17] Analyzing 10 Unisim elements for replacement
INFO: [Netlist 29-28] Unisim Transformation completed in 0 CPU seconds
INFO: [Project 1-479] Netlist was created with Vivado 2018.2
INFO: [Project 1-570] Preparing netlist for logic optimization
INFO: [Timing 38-478] Restoring timing data from binary archive.
INFO: [Timing 38-479] Binary timing data restore complete.
INFO: [Project 1-856] Restoring constraints from binary archive.
INFO: [Project 1-853] Binary constraint restore complete.
Reading XDEF placement.
Reading placer database...
Reading XDEF routing.
Read XDEF File: Time (s): cpu = 00:00:00 ; elapsed = 00:00:00.040 . Memory (MB): peak = 1956.672 ; gain = 0.000
Restored from archive | CPU: 0.000000 secs | Memory: 0.000000 MB |
Finished XDEF File Restore: Time (s): cpu = 00:00:00 ; elapsed = 00:00:00.040 . Memory (MB): peak = 1956.672 ; gain = 0.000
close_sim
INFO: [Simtcl 6-16] Simulation closed
launch_simulation
INFO: [Vivado 12-5682] Launching behavioral simulation in 'C:/Users/sudil/Music/Improved Nano proc/Improved Nano proc/Improved Nano Proc Grp 17/Nano2.sim/sim_1/behav/xsim'
INFO: [SIM-utils-51] Simulation object is 'sim_1'
INFO: [SIM-utils-54] Inspecting design source files for 'TB_nanoprocessor' in fileset 'sim_1'...
INFO: [USF-XSim-97] Finding global include files...
INFO: [USF-XSim-98] Fetching design files from 'sim_1'...
INFO: [USF-XSim-2] XSim::Compile design
INFO: [USF-XSim-61] Executing 'COMPILE and ANALYZE' step in 'C:/Users/sudil/Music/Improved Nano proc/Improved Nano proc/Improved Nano Proc Grp 17/Nano2.sim/sim_1/behav/xsim'
"xvhdl --incr --relax -prj TB_nanoprocessor_vhdl.prj"
INFO: [VRFC 10-163] Analyzing VHDL file "C:/Users/sudil/Music/Improved Nano proc/Improved Nano proc/Improved Nano Proc Grp 17/Nano2.srcs/sources_1/new/Instruction_Decorder.vhd" into library xil_defaultlib
INFO: [VRFC 10-307] analyzing entity Instruction_Decoder
INFO: [VRFC 10-163] Analyzing VHDL file "C:/Users/sudil/Music/Improved Nano proc/Improved Nano proc/Improved Nano Proc Grp 17/Nano2.srcs/sources_1/new/ROM.vhd" into library xil_defaultlib
INFO: [VRFC 10-307] analyzing entity ROM
INFO: [USF-XSim-69] 'compile' step finished in '1' seconds
INFO: [USF-XSim-3] XSim::Elaborate design
INFO: [USF-XSim-61] Executing 'ELABORATE' step in 'C:/Users/sudil/Music/Improved Nano proc/Improved Nano proc/Improved Nano Proc Grp 17/Nano2.sim/sim_1/behav/xsim'
Vivado Simulator 2018.2
Copyright 1986-1999, 2001-2018 Xilinx, Inc. All Rights Reserved.
Running: D:/Vivado/Vivado/2018.2/bin/unwrapped/win64.o/xelab.exe -wto 701096fe2465408e8a455c8cce45f39a --incr --debug typical --relax --mt 2 -L xil_defaultlib -L secureip --snapshot TB_nanoprocessor_behav xil_defaultlib.TB_nanoprocessor -log elaborate.log 
Using 2 slave threads.
Starting static elaboration
Completed static elaboration
Starting simulation data flow analysis
Completed simulation data flow analysis
Time Resolution for simulation is 1ps
Compiling package std.standard
Compiling package std.textio
Compiling package ieee.std_logic_1164
Compiling package ieee.numeric_std
Compiling architecture behavioral of entity xil_defaultlib.Decoder_2_to_4 [decoder_2_to_4_default]
Compiling architecture behavioral of entity xil_defaultlib.Decoder_3_to_8 [decoder_3_to_8_default]
Compiling architecture behavioral of entity xil_defaultlib.Reg [reg_default]
Compiling architecture behavioral of entity xil_defaultlib.RegBank [regbank_default]
Compiling architecture behavioral of entity xil_defaultlib.MUX_8way_4bit [mux_8way_4bit_default]
Compiling architecture behavioral of entity xil_defaultlib.HA [ha_default]
Compiling architecture behavioral of entity xil_defaultlib.FA [fa_default]
Compiling architecture behavioral of entity xil_defaultlib.Adder_Subtractor [adder_subtractor_default]
Compiling architecture behavioral of entity xil_defaultlib.MUX_2way_4bit [mux_2way_4bit_default]
Compiling architecture behavioral of entity xil_defaultlib.Instruction_Decoder [instruction_decoder_default]
Compiling architecture behavioral of entity xil_defaultlib.ROM [rom_default]
Compiling architecture behavioral of entity xil_defaultlib.D_FF [d_ff_default]
Compiling architecture structural of entity xil_defaultlib.ProgramCounter [programcounter_default]
Compiling architecture behavioral of entity xil_defaultlib.RCA_3 [rca_3_default]
Compiling architecture behavioral of entity xil_defaultlib.MUX_2way_3bit [mux_2way_3bit_default]
Compiling architecture behavioral of entity xil_defaultlib.Slow_Clk [slow_clk_default]
Compiling architecture behavioral of entity xil_defaultlib.LUT_16_7 [lut_16_7_default]
Compiling architecture behavioral of entity xil_defaultlib.nanoprocessor [nanoprocessor_default]
Compiling architecture behavioral of entity xil_defaultlib.tb_nanoprocessor
Built simulation snapshot TB_nanoprocessor_behav
INFO: [USF-XSim-69] 'elaborate' step finished in '1' seconds
INFO: [USF-XSim-4] XSim::Simulate design
INFO: [USF-XSim-61] Executing 'SIMULATE' step in 'C:/Users/sudil/Music/Improved Nano proc/Improved Nano proc/Improved Nano Proc Grp 17/Nano2.sim/sim_1/behav/xsim'
INFO: [USF-XSim-98] *** Running xsim
   with args "TB_nanoprocessor_behav -key {Behavioral:sim_1:Functional:TB_nanoprocessor} -tclbatch {TB_nanoprocessor.tcl} -log {simulate.log}"
INFO: [USF-XSim-8] Loading simulator feature
Vivado Simulator 2018.2
Time resolution is 1 ps
source TB_nanoprocessor.tcl
# set curr_wave [current_wave_config]
# if { [string length $curr_wave] == 0 } {
#   if { [llength [get_objects]] > 0} {
#     add_wave /
#     set_property needs_save false [current_wave_config]
#   } else {
#      send_msg_id Add_Wave-1 WARNING "No top level signals found. Simulator will start without a wave window. If you want to open a wave window go to 'File->New Waveform Configuration' or type 'create_wave_config' in the TCL console."
#   }
# }
# run 1000ns
INFO: [USF-XSim-96] XSim completed. Design snapshot 'TB_nanoprocessor_behav' loaded.
INFO: [USF-XSim-97] XSim simulation ran for 1000ns
reset_run synth_1
WARNING: [Vivado 12-1017] Problems encountered:
1. Failed to delete one or more files in run directory C:/Users/sudil/Music/Improved Nano proc/Improved Nano proc/Improved Nano Proc Grp 17/Nano2.runs/synth_1

launch_runs synth_1 -jobs 8
[Sun May 18 18:39:19 2025] Launched synth_1...
Run output will be captured here: C:/Users/sudil/Music/Improved Nano proc/Improved Nano proc/Improved Nano Proc Grp 17/Nano2.runs/synth_1/runme.log
launch_runs impl_1 -jobs 8
[Sun May 18 18:39:44 2025] Launched impl_1...
Run output will be captured here: C:/Users/sudil/Music/Improved Nano proc/Improved Nano proc/Improved Nano Proc Grp 17/Nano2.runs/impl_1/runme.log
refresh_design
INFO: [Netlist 29-17] Analyzing 10 Unisim elements for replacement
INFO: [Netlist 29-28] Unisim Transformation completed in 0 CPU seconds
INFO: [Project 1-479] Netlist was created with Vivado 2018.2
INFO: [Project 1-570] Preparing netlist for logic optimization
INFO: [Timing 38-478] Restoring timing data from binary archive.
INFO: [Timing 38-479] Binary timing data restore complete.
INFO: [Project 1-856] Restoring constraints from binary archive.
INFO: [Project 1-853] Binary constraint restore complete.
Reading XDEF placement.
Reading placer database...
Reading XDEF routing.
Read XDEF File: Time (s): cpu = 00:00:00 ; elapsed = 00:00:00.041 . Memory (MB): peak = 1969.254 ; gain = 0.000
Restored from archive | CPU: 0.000000 secs | Memory: 0.000000 MB |
Finished XDEF File Restore: Time (s): cpu = 00:00:00 ; elapsed = 00:00:00.041 . Memory (MB): peak = 1969.254 ; gain = 0.000
close_sim
INFO: [Simtcl 6-16] Simulation closed
launch_simulation
INFO: [Vivado 12-5682] Launching behavioral simulation in 'C:/Users/sudil/Music/Improved Nano proc/Improved Nano proc/Improved Nano Proc Grp 17/Nano2.sim/sim_1/behav/xsim'
INFO: [SIM-utils-51] Simulation object is 'sim_1'
INFO: [SIM-utils-54] Inspecting design source files for 'TB_nanoprocessor' in fileset 'sim_1'...
INFO: [USF-XSim-97] Finding global include files...
INFO: [USF-XSim-98] Fetching design files from 'sim_1'...
INFO: [USF-XSim-2] XSim::Compile design
INFO: [USF-XSim-61] Executing 'COMPILE and ANALYZE' step in 'C:/Users/sudil/Music/Improved Nano proc/Improved Nano proc/Improved Nano Proc Grp 17/Nano2.sim/sim_1/behav/xsim'
"xvhdl --incr --relax -prj TB_nanoprocessor_vhdl.prj"
INFO: [VRFC 10-163] Analyzing VHDL file "C:/Users/sudil/Music/Improved Nano proc/Improved Nano proc/Improved Nano Proc Grp 17/Nano2.srcs/sources_1/new/ROM.vhd" into library xil_defaultlib
INFO: [VRFC 10-307] analyzing entity ROM
INFO: [USF-XSim-69] 'compile' step finished in '1' seconds
INFO: [USF-XSim-3] XSim::Elaborate design
INFO: [USF-XSim-61] Executing 'ELABORATE' step in 'C:/Users/sudil/Music/Improved Nano proc/Improved Nano proc/Improved Nano Proc Grp 17/Nano2.sim/sim_1/behav/xsim'
Vivado Simulator 2018.2
Copyright 1986-1999, 2001-2018 Xilinx, Inc. All Rights Reserved.
Running: D:/Vivado/Vivado/2018.2/bin/unwrapped/win64.o/xelab.exe -wto 701096fe2465408e8a455c8cce45f39a --incr --debug typical --relax --mt 2 -L xil_defaultlib -L secureip --snapshot TB_nanoprocessor_behav xil_defaultlib.TB_nanoprocessor -log elaborate.log 
Using 2 slave threads.
Starting static elaboration
Completed static elaboration
Starting simulation data flow analysis
Completed simulation data flow analysis
Time Resolution for simulation is 1ps
Compiling package std.standard
Compiling package std.textio
Compiling package ieee.std_logic_1164
Compiling package ieee.numeric_std
Compiling architecture behavioral of entity xil_defaultlib.Decoder_2_to_4 [decoder_2_to_4_default]
Compiling architecture behavioral of entity xil_defaultlib.Decoder_3_to_8 [decoder_3_to_8_default]
Compiling architecture behavioral of entity xil_defaultlib.Reg [reg_default]
Compiling architecture behavioral of entity xil_defaultlib.RegBank [regbank_default]
Compiling architecture behavioral of entity xil_defaultlib.MUX_8way_4bit [mux_8way_4bit_default]
Compiling architecture behavioral of entity xil_defaultlib.HA [ha_default]
Compiling architecture behavioral of entity xil_defaultlib.FA [fa_default]
Compiling architecture behavioral of entity xil_defaultlib.Adder_Subtractor [adder_subtractor_default]
Compiling architecture behavioral of entity xil_defaultlib.MUX_2way_4bit [mux_2way_4bit_default]
Compiling architecture behavioral of entity xil_defaultlib.Instruction_Decoder [instruction_decoder_default]
Compiling architecture behavioral of entity xil_defaultlib.ROM [rom_default]
Compiling architecture behavioral of entity xil_defaultlib.D_FF [d_ff_default]
Compiling architecture structural of entity xil_defaultlib.ProgramCounter [programcounter_default]
Compiling architecture behavioral of entity xil_defaultlib.RCA_3 [rca_3_default]
Compiling architecture behavioral of entity xil_defaultlib.MUX_2way_3bit [mux_2way_3bit_default]
Compiling architecture behavioral of entity xil_defaultlib.Slow_Clk [slow_clk_default]
Compiling architecture behavioral of entity xil_defaultlib.LUT_16_7 [lut_16_7_default]
Compiling architecture behavioral of entity xil_defaultlib.nanoprocessor [nanoprocessor_default]
Compiling architecture behavioral of entity xil_defaultlib.tb_nanoprocessor
Built simulation snapshot TB_nanoprocessor_behav
INFO: [USF-XSim-69] 'elaborate' step finished in '1' seconds
INFO: [USF-XSim-4] XSim::Simulate design
INFO: [USF-XSim-61] Executing 'SIMULATE' step in 'C:/Users/sudil/Music/Improved Nano proc/Improved Nano proc/Improved Nano Proc Grp 17/Nano2.sim/sim_1/behav/xsim'
INFO: [USF-XSim-98] *** Running xsim
   with args "TB_nanoprocessor_behav -key {Behavioral:sim_1:Functional:TB_nanoprocessor} -tclbatch {TB_nanoprocessor.tcl} -log {simulate.log}"
INFO: [USF-XSim-8] Loading simulator feature
Vivado Simulator 2018.2
Time resolution is 1 ps
source TB_nanoprocessor.tcl
# set curr_wave [current_wave_config]
# if { [string length $curr_wave] == 0 } {
#   if { [llength [get_objects]] > 0} {
#     add_wave /
#     set_property needs_save false [current_wave_config]
#   } else {
#      send_msg_id Add_Wave-1 WARNING "No top level signals found. Simulator will start without a wave window. If you want to open a wave window go to 'File->New Waveform Configuration' or type 'create_wave_config' in the TCL console."
#   }
# }
# run 1000ns
INFO: [USF-XSim-96] XSim completed. Design snapshot 'TB_nanoprocessor_behav' loaded.
INFO: [USF-XSim-97] XSim simulation ran for 1000ns
reset_run synth_1
WARNING: [Vivado 12-1017] Problems encountered:
1. Failed to delete one or more files in run directory C:/Users/sudil/Music/Improved Nano proc/Improved Nano proc/Improved Nano Proc Grp 17/Nano2.runs/synth_1

launch_runs synth_1 -jobs 8
[Sun May 18 18:51:56 2025] Launched synth_1...
Run output will be captured here: C:/Users/sudil/Music/Improved Nano proc/Improved Nano proc/Improved Nano Proc Grp 17/Nano2.runs/synth_1/runme.log
launch_runs impl_1 -jobs 8
[Sun May 18 18:53:49 2025] Launched impl_1...
Run output will be captured here: C:/Users/sudil/Music/Improved Nano proc/Improved Nano proc/Improved Nano Proc Grp 17/Nano2.runs/impl_1/runme.log
refresh_design
INFO: [Netlist 29-17] Analyzing 10 Unisim elements for replacement
INFO: [Netlist 29-28] Unisim Transformation completed in 0 CPU seconds
INFO: [Project 1-479] Netlist was created with Vivado 2018.2
INFO: [Project 1-570] Preparing netlist for logic optimization
INFO: [Timing 38-478] Restoring timing data from binary archive.
INFO: [Timing 38-479] Binary timing data restore complete.
INFO: [Project 1-856] Restoring constraints from binary archive.
INFO: [Project 1-853] Binary constraint restore complete.
Reading XDEF placement.
Reading placer database...
Reading XDEF routing.
Read XDEF File: Time (s): cpu = 00:00:00 ; elapsed = 00:00:00.025 . Memory (MB): peak = 1969.254 ; gain = 0.000
Restored from archive | CPU: 0.000000 secs | Memory: 0.000000 MB |
Finished XDEF File Restore: Time (s): cpu = 00:00:00 ; elapsed = 00:00:00.026 . Memory (MB): peak = 1969.254 ; gain = 0.000
close_sim
INFO: [Simtcl 6-16] Simulation closed
launch_simulation
INFO: [Vivado 12-5682] Launching behavioral simulation in 'C:/Users/sudil/Music/Improved Nano proc/Improved Nano proc/Improved Nano Proc Grp 17/Nano2.sim/sim_1/behav/xsim'
INFO: [SIM-utils-51] Simulation object is 'sim_1'
INFO: [SIM-utils-54] Inspecting design source files for 'TB_nanoprocessor' in fileset 'sim_1'...
INFO: [USF-XSim-97] Finding global include files...
INFO: [USF-XSim-98] Fetching design files from 'sim_1'...
INFO: [USF-XSim-2] XSim::Compile design
INFO: [USF-XSim-61] Executing 'COMPILE and ANALYZE' step in 'C:/Users/sudil/Music/Improved Nano proc/Improved Nano proc/Improved Nano Proc Grp 17/Nano2.sim/sim_1/behav/xsim'
"xvhdl --incr --relax -prj TB_nanoprocessor_vhdl.prj"
INFO: [VRFC 10-163] Analyzing VHDL file "C:/Users/sudil/Music/Improved Nano proc/Improved Nano proc/Improved Nano Proc Grp 17/Nano2.srcs/sources_1/new/Instruction_Decorder.vhd" into library xil_defaultlib
INFO: [VRFC 10-307] analyzing entity Instruction_Decoder
INFO: [USF-XSim-69] 'compile' step finished in '1' seconds
INFO: [USF-XSim-3] XSim::Elaborate design
INFO: [USF-XSim-61] Executing 'ELABORATE' step in 'C:/Users/sudil/Music/Improved Nano proc/Improved Nano proc/Improved Nano Proc Grp 17/Nano2.sim/sim_1/behav/xsim'
Vivado Simulator 2018.2
Copyright 1986-1999, 2001-2018 Xilinx, Inc. All Rights Reserved.
Running: D:/Vivado/Vivado/2018.2/bin/unwrapped/win64.o/xelab.exe -wto 701096fe2465408e8a455c8cce45f39a --incr --debug typical --relax --mt 2 -L xil_defaultlib -L secureip --snapshot TB_nanoprocessor_behav xil_defaultlib.TB_nanoprocessor -log elaborate.log 
Using 2 slave threads.
Starting static elaboration
Completed static elaboration
Starting simulation data flow analysis
Completed simulation data flow analysis
Time Resolution for simulation is 1ps
Compiling package std.standard
Compiling package std.textio
Compiling package ieee.std_logic_1164
Compiling package ieee.numeric_std
Compiling architecture behavioral of entity xil_defaultlib.Decoder_2_to_4 [decoder_2_to_4_default]
Compiling architecture behavioral of entity xil_defaultlib.Decoder_3_to_8 [decoder_3_to_8_default]
Compiling architecture behavioral of entity xil_defaultlib.Reg [reg_default]
Compiling architecture behavioral of entity xil_defaultlib.RegBank [regbank_default]
Compiling architecture behavioral of entity xil_defaultlib.MUX_8way_4bit [mux_8way_4bit_default]
Compiling architecture behavioral of entity xil_defaultlib.HA [ha_default]
Compiling architecture behavioral of entity xil_defaultlib.FA [fa_default]
Compiling architecture behavioral of entity xil_defaultlib.Adder_Subtractor [adder_subtractor_default]
Compiling architecture behavioral of entity xil_defaultlib.MUX_2way_4bit [mux_2way_4bit_default]
Compiling architecture behavioral of entity xil_defaultlib.Instruction_Decoder [instruction_decoder_default]
Compiling architecture behavioral of entity xil_defaultlib.ROM [rom_default]
Compiling architecture behavioral of entity xil_defaultlib.D_FF [d_ff_default]
Compiling architecture structural of entity xil_defaultlib.ProgramCounter [programcounter_default]
Compiling architecture behavioral of entity xil_defaultlib.RCA_3 [rca_3_default]
Compiling architecture behavioral of entity xil_defaultlib.MUX_2way_3bit [mux_2way_3bit_default]
Compiling architecture behavioral of entity xil_defaultlib.Slow_Clk [slow_clk_default]
Compiling architecture behavioral of entity xil_defaultlib.LUT_16_7 [lut_16_7_default]
Compiling architecture behavioral of entity xil_defaultlib.nanoprocessor [nanoprocessor_default]
Compiling architecture behavioral of entity xil_defaultlib.tb_nanoprocessor
Built simulation snapshot TB_nanoprocessor_behav
INFO: [USF-XSim-69] 'elaborate' step finished in '1' seconds
INFO: [USF-XSim-4] XSim::Simulate design
INFO: [USF-XSim-61] Executing 'SIMULATE' step in 'C:/Users/sudil/Music/Improved Nano proc/Improved Nano proc/Improved Nano Proc Grp 17/Nano2.sim/sim_1/behav/xsim'
INFO: [USF-XSim-98] *** Running xsim
   with args "TB_nanoprocessor_behav -key {Behavioral:sim_1:Functional:TB_nanoprocessor} -tclbatch {TB_nanoprocessor.tcl} -log {simulate.log}"
INFO: [USF-XSim-8] Loading simulator feature
Vivado Simulator 2018.2
Time resolution is 1 ps
source TB_nanoprocessor.tcl
# set curr_wave [current_wave_config]
# if { [string length $curr_wave] == 0 } {
#   if { [llength [get_objects]] > 0} {
#     add_wave /
#     set_property needs_save false [current_wave_config]
#   } else {
#      send_msg_id Add_Wave-1 WARNING "No top level signals found. Simulator will start without a wave window. If you want to open a wave window go to 'File->New Waveform Configuration' or type 'create_wave_config' in the TCL console."
#   }
# }
# run 1000ns
INFO: [USF-XSim-96] XSim completed. Design snapshot 'TB_nanoprocessor_behav' loaded.
INFO: [USF-XSim-97] XSim simulation ran for 1000ns
reset_run synth_1
WARNING: [Vivado 12-1017] Problems encountered:
1. Failed to delete one or more files in run directory C:/Users/sudil/Music/Improved Nano proc/Improved Nano proc/Improved Nano Proc Grp 17/Nano2.runs/synth_1

launch_runs synth_1 -jobs 8
[Sun May 18 18:58:29 2025] Launched synth_1...
Run output will be captured here: C:/Users/sudil/Music/Improved Nano proc/Improved Nano proc/Improved Nano Proc Grp 17/Nano2.runs/synth_1/runme.log
launch_runs impl_1 -jobs 8
[Sun May 18 18:59:18 2025] Launched impl_1...
Run output will be captured here: C:/Users/sudil/Music/Improved Nano proc/Improved Nano proc/Improved Nano Proc Grp 17/Nano2.runs/impl_1/runme.log
close_sim
INFO: [Simtcl 6-16] Simulation closed
launch_simulation
INFO: [Vivado 12-5682] Launching behavioral simulation in 'C:/Users/sudil/Music/Improved Nano proc/Improved Nano proc/Improved Nano Proc Grp 17/Nano2.sim/sim_1/behav/xsim'
INFO: [SIM-utils-51] Simulation object is 'sim_1'
INFO: [SIM-utils-54] Inspecting design source files for 'TB_nanoprocessor' in fileset 'sim_1'...
INFO: [USF-XSim-97] Finding global include files...
INFO: [USF-XSim-98] Fetching design files from 'sim_1'...
INFO: [USF-XSim-2] XSim::Compile design
INFO: [USF-XSim-61] Executing 'COMPILE and ANALYZE' step in 'C:/Users/sudil/Music/Improved Nano proc/Improved Nano proc/Improved Nano Proc Grp 17/Nano2.sim/sim_1/behav/xsim'
"xvhdl --incr --relax -prj TB_nanoprocessor_vhdl.prj"
INFO: [VRFC 10-163] Analyzing VHDL file "C:/Users/sudil/Music/Improved Nano proc/Improved Nano proc/Improved Nano Proc Grp 17/Nano2.srcs/sources_1/new/Instruction_Decorder.vhd" into library xil_defaultlib
INFO: [VRFC 10-307] analyzing entity Instruction_Decoder
INFO: [USF-XSim-69] 'compile' step finished in '1' seconds
INFO: [USF-XSim-3] XSim::Elaborate design
INFO: [USF-XSim-61] Executing 'ELABORATE' step in 'C:/Users/sudil/Music/Improved Nano proc/Improved Nano proc/Improved Nano Proc Grp 17/Nano2.sim/sim_1/behav/xsim'
Vivado Simulator 2018.2
Copyright 1986-1999, 2001-2018 Xilinx, Inc. All Rights Reserved.
Running: D:/Vivado/Vivado/2018.2/bin/unwrapped/win64.o/xelab.exe -wto 701096fe2465408e8a455c8cce45f39a --incr --debug typical --relax --mt 2 -L xil_defaultlib -L secureip --snapshot TB_nanoprocessor_behav xil_defaultlib.TB_nanoprocessor -log elaborate.log 
Using 2 slave threads.
Starting static elaboration
Completed static elaboration
Starting simulation data flow analysis
Completed simulation data flow analysis
Time Resolution for simulation is 1ps
Compiling package std.standard
Compiling package std.textio
Compiling package ieee.std_logic_1164
Compiling package ieee.numeric_std
Compiling architecture behavioral of entity xil_defaultlib.Decoder_2_to_4 [decoder_2_to_4_default]
Compiling architecture behavioral of entity xil_defaultlib.Decoder_3_to_8 [decoder_3_to_8_default]
Compiling architecture behavioral of entity xil_defaultlib.Reg [reg_default]
Compiling architecture behavioral of entity xil_defaultlib.RegBank [regbank_default]
Compiling architecture behavioral of entity xil_defaultlib.MUX_8way_4bit [mux_8way_4bit_default]
Compiling architecture behavioral of entity xil_defaultlib.HA [ha_default]
Compiling architecture behavioral of entity xil_defaultlib.FA [fa_default]
Compiling architecture behavioral of entity xil_defaultlib.Adder_Subtractor [adder_subtractor_default]
Compiling architecture behavioral of entity xil_defaultlib.MUX_2way_4bit [mux_2way_4bit_default]
Compiling architecture behavioral of entity xil_defaultlib.Instruction_Decoder [instruction_decoder_default]
Compiling architecture behavioral of entity xil_defaultlib.ROM [rom_default]
Compiling architecture behavioral of entity xil_defaultlib.D_FF [d_ff_default]
Compiling architecture structural of entity xil_defaultlib.ProgramCounter [programcounter_default]
Compiling architecture behavioral of entity xil_defaultlib.RCA_3 [rca_3_default]
Compiling architecture behavioral of entity xil_defaultlib.MUX_2way_3bit [mux_2way_3bit_default]
Compiling architecture behavioral of entity xil_defaultlib.Slow_Clk [slow_clk_default]
Compiling architecture behavioral of entity xil_defaultlib.LUT_16_7 [lut_16_7_default]
Compiling architecture behavioral of entity xil_defaultlib.nanoprocessor [nanoprocessor_default]
Compiling architecture behavioral of entity xil_defaultlib.tb_nanoprocessor
Built simulation snapshot TB_nanoprocessor_behav
INFO: [USF-XSim-69] 'elaborate' step finished in '1' seconds
INFO: [USF-XSim-4] XSim::Simulate design
INFO: [USF-XSim-61] Executing 'SIMULATE' step in 'C:/Users/sudil/Music/Improved Nano proc/Improved Nano proc/Improved Nano Proc Grp 17/Nano2.sim/sim_1/behav/xsim'
INFO: [USF-XSim-98] *** Running xsim
   with args "TB_nanoprocessor_behav -key {Behavioral:sim_1:Functional:TB_nanoprocessor} -tclbatch {TB_nanoprocessor.tcl} -log {simulate.log}"
INFO: [USF-XSim-8] Loading simulator feature
Vivado Simulator 2018.2
Time resolution is 1 ps
source TB_nanoprocessor.tcl
# set curr_wave [current_wave_config]
# if { [string length $curr_wave] == 0 } {
#   if { [llength [get_objects]] > 0} {
#     add_wave /
#     set_property needs_save false [current_wave_config]
#   } else {
#      send_msg_id Add_Wave-1 WARNING "No top level signals found. Simulator will start without a wave window. If you want to open a wave window go to 'File->New Waveform Configuration' or type 'create_wave_config' in the TCL console."
#   }
# }
# run 1000ns
INFO: [USF-XSim-96] XSim completed. Design snapshot 'TB_nanoprocessor_behav' loaded.
INFO: [USF-XSim-97] XSim simulation ran for 1000ns
refresh_design
INFO: [Netlist 29-17] Analyzing 10 Unisim elements for replacement
INFO: [Netlist 29-28] Unisim Transformation completed in 0 CPU seconds
INFO: [Project 1-479] Netlist was created with Vivado 2018.2
INFO: [Project 1-570] Preparing netlist for logic optimization
INFO: [Timing 38-478] Restoring timing data from binary archive.
INFO: [Timing 38-479] Binary timing data restore complete.
INFO: [Project 1-856] Restoring constraints from binary archive.
INFO: [Project 1-853] Binary constraint restore complete.
Reading XDEF placement.
Reading placer database...
Reading XDEF routing.
Read XDEF File: Time (s): cpu = 00:00:00 ; elapsed = 00:00:00.045 . Memory (MB): peak = 1979.281 ; gain = 0.000
Restored from archive | CPU: 0.000000 secs | Memory: 0.000000 MB |
Finished XDEF File Restore: Time (s): cpu = 00:00:00 ; elapsed = 00:00:00.046 . Memory (MB): peak = 1979.281 ; gain = 0.000
close_sim
INFO: [Simtcl 6-16] Simulation closed
launch_simulation
INFO: [Vivado 12-5682] Launching behavioral simulation in 'C:/Users/sudil/Music/Improved Nano proc/Improved Nano proc/Improved Nano Proc Grp 17/Nano2.sim/sim_1/behav/xsim'
INFO: [SIM-utils-51] Simulation object is 'sim_1'
INFO: [SIM-utils-54] Inspecting design source files for 'TB_nanoprocessor' in fileset 'sim_1'...
INFO: [USF-XSim-97] Finding global include files...
INFO: [USF-XSim-98] Fetching design files from 'sim_1'...
INFO: [USF-XSim-2] XSim::Compile design
INFO: [USF-XSim-61] Executing 'COMPILE and ANALYZE' step in 'C:/Users/sudil/Music/Improved Nano proc/Improved Nano proc/Improved Nano Proc Grp 17/Nano2.sim/sim_1/behav/xsim'
"xvhdl --incr --relax -prj TB_nanoprocessor_vhdl.prj"
INFO: [USF-XSim-69] 'compile' step finished in '1' seconds
INFO: [USF-XSim-3] XSim::Elaborate design
INFO: [USF-XSim-61] Executing 'ELABORATE' step in 'C:/Users/sudil/Music/Improved Nano proc/Improved Nano proc/Improved Nano Proc Grp 17/Nano2.sim/sim_1/behav/xsim'
Vivado Simulator 2018.2
Copyright 1986-1999, 2001-2018 Xilinx, Inc. All Rights Reserved.
Running: D:/Vivado/Vivado/2018.2/bin/unwrapped/win64.o/xelab.exe -wto 701096fe2465408e8a455c8cce45f39a --incr --debug typical --relax --mt 2 -L xil_defaultlib -L secureip --snapshot TB_nanoprocessor_behav xil_defaultlib.TB_nanoprocessor -log elaborate.log 
Using 2 slave threads.
Starting static elaboration
Completed static elaboration
INFO: [XSIM 43-4323] No Change in HDL. Linking previously generated obj files to create kernel
INFO: [USF-XSim-69] 'elaborate' step finished in '1' seconds
INFO: [USF-XSim-4] XSim::Simulate design
INFO: [USF-XSim-61] Executing 'SIMULATE' step in 'C:/Users/sudil/Music/Improved Nano proc/Improved Nano proc/Improved Nano Proc Grp 17/Nano2.sim/sim_1/behav/xsim'
INFO: [USF-XSim-98] *** Running xsim
   with args "TB_nanoprocessor_behav -key {Behavioral:sim_1:Functional:TB_nanoprocessor} -tclbatch {TB_nanoprocessor.tcl} -log {simulate.log}"
INFO: [USF-XSim-8] Loading simulator feature
Vivado Simulator 2018.2
Time resolution is 1 ps
source TB_nanoprocessor.tcl
# set curr_wave [current_wave_config]
# if { [string length $curr_wave] == 0 } {
#   if { [llength [get_objects]] > 0} {
#     add_wave /
#     set_property needs_save false [current_wave_config]
#   } else {
#      send_msg_id Add_Wave-1 WARNING "No top level signals found. Simulator will start without a wave window. If you want to open a wave window go to 'File->New Waveform Configuration' or type 'create_wave_config' in the TCL console."
#   }
# }
# run 1000ns
INFO: [USF-XSim-96] XSim completed. Design snapshot 'TB_nanoprocessor_behav' loaded.
INFO: [USF-XSim-97] XSim simulation ran for 1000ns
reset_run synth_1
WARNING: [Vivado 12-1017] Problems encountered:
1. Failed to delete one or more files in run directory C:/Users/sudil/Music/Improved Nano proc/Improved Nano proc/Improved Nano Proc Grp 17/Nano2.runs/synth_1

launch_runs synth_1 -jobs 8
[Sun May 18 19:00:55 2025] Launched synth_1...
Run output will be captured here: C:/Users/sudil/Music/Improved Nano proc/Improved Nano proc/Improved Nano Proc Grp 17/Nano2.runs/synth_1/runme.log
launch_runs impl_1 -jobs 8
[Sun May 18 19:01:23 2025] Launched impl_1...
Run output will be captured here: C:/Users/sudil/Music/Improved Nano proc/Improved Nano proc/Improved Nano Proc Grp 17/Nano2.runs/impl_1/runme.log
refresh_design
INFO: [Netlist 29-17] Analyzing 10 Unisim elements for replacement
INFO: [Netlist 29-28] Unisim Transformation completed in 0 CPU seconds
INFO: [Project 1-479] Netlist was created with Vivado 2018.2
INFO: [Project 1-570] Preparing netlist for logic optimization
INFO: [Timing 38-478] Restoring timing data from binary archive.
INFO: [Timing 38-479] Binary timing data restore complete.
INFO: [Project 1-856] Restoring constraints from binary archive.
INFO: [Project 1-853] Binary constraint restore complete.
Reading XDEF placement.
Reading placer database...
Reading XDEF routing.
Read XDEF File: Time (s): cpu = 00:00:00 ; elapsed = 00:00:00.025 . Memory (MB): peak = 1995.473 ; gain = 0.000
Restored from archive | CPU: 0.000000 secs | Memory: 0.000000 MB |
Finished XDEF File Restore: Time (s): cpu = 00:00:00 ; elapsed = 00:00:00.025 . Memory (MB): peak = 1995.473 ; gain = 0.000
close_sim
INFO: [Simtcl 6-16] Simulation closed
launch_simulation
INFO: [Vivado 12-5682] Launching behavioral simulation in 'C:/Users/sudil/Music/Improved Nano proc/Improved Nano proc/Improved Nano Proc Grp 17/Nano2.sim/sim_1/behav/xsim'
INFO: [SIM-utils-51] Simulation object is 'sim_1'
INFO: [SIM-utils-54] Inspecting design source files for 'TB_nanoprocessor' in fileset 'sim_1'...
INFO: [USF-XSim-97] Finding global include files...
INFO: [USF-XSim-98] Fetching design files from 'sim_1'...
INFO: [USF-XSim-2] XSim::Compile design
INFO: [USF-XSim-61] Executing 'COMPILE and ANALYZE' step in 'C:/Users/sudil/Music/Improved Nano proc/Improved Nano proc/Improved Nano Proc Grp 17/Nano2.sim/sim_1/behav/xsim'
"xvhdl --incr --relax -prj TB_nanoprocessor_vhdl.prj"
INFO: [VRFC 10-163] Analyzing VHDL file "C:/Users/sudil/Music/Improved Nano proc/Improved Nano proc/Improved Nano Proc Grp 17/Nano2.srcs/sources_1/new/Instruction_Decorder.vhd" into library xil_defaultlib
INFO: [VRFC 10-307] analyzing entity Instruction_Decoder
INFO: [USF-XSim-69] 'compile' step finished in '1' seconds
INFO: [USF-XSim-3] XSim::Elaborate design
INFO: [USF-XSim-61] Executing 'ELABORATE' step in 'C:/Users/sudil/Music/Improved Nano proc/Improved Nano proc/Improved Nano Proc Grp 17/Nano2.sim/sim_1/behav/xsim'
Vivado Simulator 2018.2
Copyright 1986-1999, 2001-2018 Xilinx, Inc. All Rights Reserved.
Running: D:/Vivado/Vivado/2018.2/bin/unwrapped/win64.o/xelab.exe -wto 701096fe2465408e8a455c8cce45f39a --incr --debug typical --relax --mt 2 -L xil_defaultlib -L secureip --snapshot TB_nanoprocessor_behav xil_defaultlib.TB_nanoprocessor -log elaborate.log 
Using 2 slave threads.
Starting static elaboration
Completed static elaboration
Starting simulation data flow analysis
Completed simulation data flow analysis
Time Resolution for simulation is 1ps
Compiling package std.standard
Compiling package std.textio
Compiling package ieee.std_logic_1164
Compiling package ieee.numeric_std
Compiling architecture behavioral of entity xil_defaultlib.Decoder_2_to_4 [decoder_2_to_4_default]
Compiling architecture behavioral of entity xil_defaultlib.Decoder_3_to_8 [decoder_3_to_8_default]
Compiling architecture behavioral of entity xil_defaultlib.Reg [reg_default]
Compiling architecture behavioral of entity xil_defaultlib.RegBank [regbank_default]
Compiling architecture behavioral of entity xil_defaultlib.MUX_8way_4bit [mux_8way_4bit_default]
Compiling architecture behavioral of entity xil_defaultlib.HA [ha_default]
Compiling architecture behavioral of entity xil_defaultlib.FA [fa_default]
Compiling architecture behavioral of entity xil_defaultlib.Adder_Subtractor [adder_subtractor_default]
Compiling architecture behavioral of entity xil_defaultlib.MUX_2way_4bit [mux_2way_4bit_default]
Compiling architecture behavioral of entity xil_defaultlib.Instruction_Decoder [instruction_decoder_default]
Compiling architecture behavioral of entity xil_defaultlib.ROM [rom_default]
Compiling architecture behavioral of entity xil_defaultlib.D_FF [d_ff_default]
Compiling architecture structural of entity xil_defaultlib.ProgramCounter [programcounter_default]
Compiling architecture behavioral of entity xil_defaultlib.RCA_3 [rca_3_default]
Compiling architecture behavioral of entity xil_defaultlib.MUX_2way_3bit [mux_2way_3bit_default]
Compiling architecture behavioral of entity xil_defaultlib.Slow_Clk [slow_clk_default]
Compiling architecture behavioral of entity xil_defaultlib.LUT_16_7 [lut_16_7_default]
Compiling architecture behavioral of entity xil_defaultlib.nanoprocessor [nanoprocessor_default]
Compiling architecture behavioral of entity xil_defaultlib.tb_nanoprocessor
Built simulation snapshot TB_nanoprocessor_behav
INFO: [USF-XSim-69] 'elaborate' step finished in '1' seconds
INFO: [USF-XSim-4] XSim::Simulate design
INFO: [USF-XSim-61] Executing 'SIMULATE' step in 'C:/Users/sudil/Music/Improved Nano proc/Improved Nano proc/Improved Nano Proc Grp 17/Nano2.sim/sim_1/behav/xsim'
INFO: [USF-XSim-98] *** Running xsim
   with args "TB_nanoprocessor_behav -key {Behavioral:sim_1:Functional:TB_nanoprocessor} -tclbatch {TB_nanoprocessor.tcl} -log {simulate.log}"
INFO: [USF-XSim-8] Loading simulator feature
Vivado Simulator 2018.2
Time resolution is 1 ps
source TB_nanoprocessor.tcl
# set curr_wave [current_wave_config]
# if { [string length $curr_wave] == 0 } {
#   if { [llength [get_objects]] > 0} {
#     add_wave /
#     set_property needs_save false [current_wave_config]
#   } else {
#      send_msg_id Add_Wave-1 WARNING "No top level signals found. Simulator will start without a wave window. If you want to open a wave window go to 'File->New Waveform Configuration' or type 'create_wave_config' in the TCL console."
#   }
# }
# run 1000ns
INFO: [USF-XSim-96] XSim completed. Design snapshot 'TB_nanoprocessor_behav' loaded.
INFO: [USF-XSim-97] XSim simulation ran for 1000ns
update_compile_order -fileset sources_1
update_compile_order -fileset sources_1
reset_run synth_1
WARNING: [Vivado 12-1017] Problems encountered:
1. Failed to delete one or more files in run directory C:/Users/sudil/Music/Improved Nano proc/Improved Nano proc/Improved Nano Proc Grp 17/Nano2.runs/synth_1

launch_runs synth_1 -jobs 8
[Sun May 18 19:04:57 2025] Launched synth_1...
Run output will be captured here: C:/Users/sudil/Music/Improved Nano proc/Improved Nano proc/Improved Nano Proc Grp 17/Nano2.runs/synth_1/runme.log
launch_runs impl_1 -jobs 8
[Sun May 18 19:05:23 2025] Launched impl_1...
Run output will be captured here: C:/Users/sudil/Music/Improved Nano proc/Improved Nano proc/Improved Nano Proc Grp 17/Nano2.runs/impl_1/runme.log
refresh_design
INFO: [Netlist 29-17] Analyzing 10 Unisim elements for replacement
INFO: [Netlist 29-28] Unisim Transformation completed in 0 CPU seconds
INFO: [Project 1-479] Netlist was created with Vivado 2018.2
INFO: [Project 1-570] Preparing netlist for logic optimization
INFO: [Timing 38-478] Restoring timing data from binary archive.
INFO: [Timing 38-479] Binary timing data restore complete.
INFO: [Project 1-856] Restoring constraints from binary archive.
INFO: [Project 1-853] Binary constraint restore complete.
Reading XDEF placement.
Reading placer database...
Reading XDEF routing.
Read XDEF File: Time (s): cpu = 00:00:00 ; elapsed = 00:00:00.026 . Memory (MB): peak = 2001.914 ; gain = 0.000
Restored from archive | CPU: 0.000000 secs | Memory: 0.000000 MB |
Finished XDEF File Restore: Time (s): cpu = 00:00:00 ; elapsed = 00:00:00.027 . Memory (MB): peak = 2001.914 ; gain = 0.000
close_sim
INFO: [Simtcl 6-16] Simulation closed
launch_simulation
INFO: [Vivado 12-5682] Launching behavioral simulation in 'C:/Users/sudil/Music/Improved Nano proc/Improved Nano proc/Improved Nano Proc Grp 17/Nano2.sim/sim_1/behav/xsim'
INFO: [SIM-utils-51] Simulation object is 'sim_1'
INFO: [SIM-utils-54] Inspecting design source files for 'TB_nanoprocessor' in fileset 'sim_1'...
INFO: [USF-XSim-97] Finding global include files...
INFO: [USF-XSim-98] Fetching design files from 'sim_1'...
INFO: [USF-XSim-2] XSim::Compile design
INFO: [USF-XSim-61] Executing 'COMPILE and ANALYZE' step in 'C:/Users/sudil/Music/Improved Nano proc/Improved Nano proc/Improved Nano Proc Grp 17/Nano2.sim/sim_1/behav/xsim'
"xvhdl --incr --relax -prj TB_nanoprocessor_vhdl.prj"
INFO: [VRFC 10-163] Analyzing VHDL file "C:/Users/sudil/Music/Improved Nano proc/Improved Nano proc/Improved Nano Proc Grp 17/Nano2.srcs/sources_1/new/ROM.vhd" into library xil_defaultlib
INFO: [VRFC 10-307] analyzing entity ROM
INFO: [USF-XSim-69] 'compile' step finished in '2' seconds
INFO: [USF-XSim-3] XSim::Elaborate design
INFO: [USF-XSim-61] Executing 'ELABORATE' step in 'C:/Users/sudil/Music/Improved Nano proc/Improved Nano proc/Improved Nano Proc Grp 17/Nano2.sim/sim_1/behav/xsim'
Vivado Simulator 2018.2
Copyright 1986-1999, 2001-2018 Xilinx, Inc. All Rights Reserved.
Running: D:/Vivado/Vivado/2018.2/bin/unwrapped/win64.o/xelab.exe -wto 701096fe2465408e8a455c8cce45f39a --incr --debug typical --relax --mt 2 -L xil_defaultlib -L secureip --snapshot TB_nanoprocessor_behav xil_defaultlib.TB_nanoprocessor -log elaborate.log 
Using 2 slave threads.
Starting static elaboration
Completed static elaboration
Starting simulation data flow analysis
Completed simulation data flow analysis
Time Resolution for simulation is 1ps
Compiling package std.standard
Compiling package std.textio
Compiling package ieee.std_logic_1164
Compiling package ieee.numeric_std
Compiling architecture behavioral of entity xil_defaultlib.Decoder_2_to_4 [decoder_2_to_4_default]
Compiling architecture behavioral of entity xil_defaultlib.Decoder_3_to_8 [decoder_3_to_8_default]
Compiling architecture behavioral of entity xil_defaultlib.Reg [reg_default]
Compiling architecture behavioral of entity xil_defaultlib.RegBank [regbank_default]
Compiling architecture behavioral of entity xil_defaultlib.MUX_8way_4bit [mux_8way_4bit_default]
Compiling architecture behavioral of entity xil_defaultlib.HA [ha_default]
Compiling architecture behavioral of entity xil_defaultlib.FA [fa_default]
Compiling architecture behavioral of entity xil_defaultlib.Adder_Subtractor [adder_subtractor_default]
Compiling architecture behavioral of entity xil_defaultlib.MUX_2way_4bit [mux_2way_4bit_default]
Compiling architecture behavioral of entity xil_defaultlib.Instruction_Decoder [instruction_decoder_default]
Compiling architecture behavioral of entity xil_defaultlib.ROM [rom_default]
Compiling architecture behavioral of entity xil_defaultlib.D_FF [d_ff_default]
Compiling architecture structural of entity xil_defaultlib.ProgramCounter [programcounter_default]
Compiling architecture behavioral of entity xil_defaultlib.RCA_3 [rca_3_default]
Compiling architecture behavioral of entity xil_defaultlib.MUX_2way_3bit [mux_2way_3bit_default]
Compiling architecture behavioral of entity xil_defaultlib.Slow_Clk [slow_clk_default]
Compiling architecture behavioral of entity xil_defaultlib.LUT_16_7 [lut_16_7_default]
Compiling architecture behavioral of entity xil_defaultlib.nanoprocessor [nanoprocessor_default]
Compiling architecture behavioral of entity xil_defaultlib.tb_nanoprocessor
Built simulation snapshot TB_nanoprocessor_behav
INFO: [USF-XSim-69] 'elaborate' step finished in '1' seconds
INFO: [USF-XSim-4] XSim::Simulate design
INFO: [USF-XSim-61] Executing 'SIMULATE' step in 'C:/Users/sudil/Music/Improved Nano proc/Improved Nano proc/Improved Nano Proc Grp 17/Nano2.sim/sim_1/behav/xsim'
INFO: [USF-XSim-98] *** Running xsim
   with args "TB_nanoprocessor_behav -key {Behavioral:sim_1:Functional:TB_nanoprocessor} -tclbatch {TB_nanoprocessor.tcl} -log {simulate.log}"
INFO: [USF-XSim-8] Loading simulator feature
Vivado Simulator 2018.2
Time resolution is 1 ps
source TB_nanoprocessor.tcl
# set curr_wave [current_wave_config]
# if { [string length $curr_wave] == 0 } {
#   if { [llength [get_objects]] > 0} {
#     add_wave /
#     set_property needs_save false [current_wave_config]
#   } else {
#      send_msg_id Add_Wave-1 WARNING "No top level signals found. Simulator will start without a wave window. If you want to open a wave window go to 'File->New Waveform Configuration' or type 'create_wave_config' in the TCL console."
#   }
# }
# run 1000ns
INFO: [USF-XSim-96] XSim completed. Design snapshot 'TB_nanoprocessor_behav' loaded.
INFO: [USF-XSim-97] XSim simulation ran for 1000ns
close_sim
INFO: [Simtcl 6-16] Simulation closed
exit
INFO: [Common 17-206] Exiting Vivado at Sun May 18 19:12:31 2025...
