#-----------------------------------------------------------
# Vivado v2018.1 (64-bit)
# SW Build 2188600 on Wed Apr  4 18:40:38 MDT 2018
# IP Build 2185939 on Wed Apr  4 20:55:05 MDT 2018
# Start of session at: Tue May 13 00:55:46 2025
# Process ID: 12804
# Current directory: D:/maneesha/Nano2
# Command line: vivado.exe -gui_launcher_event rodinguilauncherevent6688 D:\maneesha\Nano2\Nano2.xpr
# Log file: D:/maneesha/Nano2/vivado.log
# Journal file: D:/maneesha/Nano2\vivado.jou
#-----------------------------------------------------------
start_gui
open_project D:/maneesha/Nano2/Nano2.xpr
Scanning sources...
Finished scanning sources
INFO: [IP_Flow 19-234] Refreshing IP repositories
INFO: [IP_Flow 19-1704] No user IP repositories specified
INFO: [IP_Flow 19-2313] Loaded Vivado IP repository 'C:/Xilinx/Vivado/2018.1/data/ip'.
update_compile_order -fileset sources_1
file mkdir D:/maneesha/Nano2/Nano2.srcs/constrs_1
file mkdir D:/maneesha/Nano2/Nano2.srcs/constrs_1/new
close [ open D:/maneesha/Nano2/Nano2.srcs/constrs_1/new/processor.xdc w ]
add_files -fileset constrs_1 D:/maneesha/Nano2/Nano2.srcs/constrs_1/new/processor.xdc
reset_run synth_1
launch_runs synth_1 -jobs 8
[Tue May 13 01:00:04 2025] Launched synth_1...
Run output will be captured here: D:/maneesha/Nano2/Nano2.runs/synth_1/runme.log
launch_runs impl_1 -jobs 8
[Tue May 13 01:00:39 2025] Launched impl_1...
Run output will be captured here: D:/maneesha/Nano2/Nano2.runs/impl_1/runme.log
launch_runs impl_1 -to_step write_bitstream -jobs 8
[Tue May 13 01:01:32 2025] Launched impl_1...
Run output will be captured here: D:/maneesha/Nano2/Nano2.runs/impl_1/runme.log
open_run impl_1
INFO: [Netlist 29-17] Analyzing 10 Unisim elements for replacement
INFO: [Netlist 29-28] Unisim Transformation completed in 0 CPU seconds
INFO: [Project 1-479] Netlist was created with Vivado 2018.1
INFO: [Device 21-403] Loading part xc7a35tcpg236-1
INFO: [Project 1-570] Preparing netlist for logic optimization
INFO: [Timing 38-478] Restoring timing data from binary archive.
INFO: [Timing 38-479] Binary timing data restore complete.
INFO: [Project 1-856] Restoring constraints from binary archive.
INFO: [Project 1-853] Binary constraint restore complete.
Reading XDEF placement.
Reading placer database...
Reading XDEF routing.
Read XDEF File: Time (s): cpu = 00:00:00 ; elapsed = 00:00:00.021 . Memory (MB): peak = 1839.715 ; gain = 0.000
Restored from archive | CPU: 0.000000 secs | Memory: 0.000000 MB |
Finished XDEF File Restore: Time (s): cpu = 00:00:00 ; elapsed = 00:00:00.021 . Memory (MB): peak = 1839.715 ; gain = 0.000
INFO: [Project 1-111] Unisim Transformation Summary:
No Unisim elements were transformed.

open_run: Time (s): cpu = 00:00:15 ; elapsed = 00:00:15 . Memory (MB): peak = 1957.320 ; gain = 937.672
exit
INFO: [Common 17-206] Exiting Vivado at Tue May 13 01:11:14 2025...
