Copyright 1986-2018 Xilinx, Inc. All Rights Reserved.
--------------------------------------------------------------------------------------------------------------------------------------------------------------------------------------------------------------
| Tool Version : Vivado v.2018.2 (win64) Build 2258646 Thu Jun 14 20:03:12 MDT 2018
| Date         : Sun May 18 19:06:03 2025
| Host         : MSI running 64-bit major release  (build 9200)
| Command      : report_timing_summary -max_paths 10 -file nanoprocessor_timing_summary_routed.rpt -pb nanoprocessor_timing_summary_routed.pb -rpx nanoprocessor_timing_summary_routed.rpx -warn_on_violation
| Design       : nanoprocessor
| Device       : 7a35t-cpg236
| Speed File   : -1  PRODUCTION 1.22 2018-03-21
--------------------------------------------------------------------------------------------------------------------------------------------------------------------------------------------------------------

Timing Summary Report

------------------------------------------------------------------------------------------------
| Timer Settings
| --------------
------------------------------------------------------------------------------------------------

  Enable Multi Corner Analysis               :  Yes
  Enable Pessimism Removal                   :  Yes
  Pessimism Removal Resolution               :  Nearest Common Node
  Enable Input Delay Default Clock           :  No
  Enable Preset / Clear Arcs                 :  No
  Disable Flight Delays                      :  No
  Ignore I/O Paths                           :  No
  Timing Early Launch at Borrowing Latches   :  false

  Corner  Analyze    Analyze    
  Name    Max Paths  Min Paths  
  ------  ---------  ---------  
  Slow    Yes        Yes        
  Fast    Yes        Yes        



check_timing report

Table of Contents
-----------------
1. checking no_clock
2. checking constant_clock
3. checking pulse_width_clock
4. checking unconstrained_internal_endpoints
5. checking no_input_delay
6. checking no_output_delay
7. checking multiple_clock
8. checking generated_clocks
9. checking loops
10. checking partial_input_delay
11. checking partial_output_delay
12. checking latch_loops

1. checking no_clock
--------------------
 There are 15 register/latch pins with no clock driven by root clock pin: Slow_Clk_0/Clk_out_reg/Q (HIGH)


2. checking constant_clock
--------------------------
 There are 0 register/latch pins with constant_clock.


3. checking pulse_width_clock
-----------------------------
 There are 0 register/latch pins which need pulse_width check


4. checking unconstrained_internal_endpoints
--------------------------------------------
 There are 39 pins that are not constrained for maximum delay. (HIGH)

 There are 0 pins that are not constrained for maximum delay due to constant clock.


5. checking no_input_delay
--------------------------
 There is 1 input port with no input delay specified. (HIGH)

 There are 0 input ports with no input delay but user has a false path constraint.


6. checking no_output_delay
---------------------------
 There are 13 ports with no output delay specified. (HIGH)

 There are 0 ports with no output delay but user has a false path constraint

 There are 0 ports with no output delay but with a timing clock defined on it or propagating through it


7. checking multiple_clock
--------------------------
 There are 0 register/latch pins with multiple clocks.


8. checking generated_clocks
----------------------------
 There are 0 generated clocks that are not connected to a clock source.


9. checking loops
-----------------
 There are 0 combinational loops in the design.


10. checking partial_input_delay
--------------------------------
 There are 0 input ports with partial input delay specified.


11. checking partial_output_delay
---------------------------------
 There are 0 ports with partial output delay specified.


12. checking latch_loops
------------------------
 There are 0 combinational latch loops in the design through latch input



------------------------------------------------------------------------------------------------
| Design Timing Summary
| ---------------------
------------------------------------------------------------------------------------------------

    WNS(ns)      TNS(ns)  TNS Failing Endpoints  TNS Total Endpoints      WHS(ns)      THS(ns)  THS Failing Endpoints  THS Total Endpoints     WPWS(ns)     TPWS(ns)  TPWS Failing Endpoints  TPWS Total Endpoints  
    -------      -------  ---------------------  -------------------      -------      -------  ---------------------  -------------------     --------     --------  ----------------------  --------------------  
      4.944        0.000                      0                   65        0.248        0.000                      0                   65        4.500        0.000                       0                    35  


All user specified timing constraints are met.


------------------------------------------------------------------------------------------------
| Clock Summary
| -------------
------------------------------------------------------------------------------------------------

Clock        Waveform(ns)       Period(ns)      Frequency(MHz)
-----        ------------       ----------      --------------
sys_clk_pin  {0.000 5.000}      10.000          100.000         


------------------------------------------------------------------------------------------------
| Intra Clock Table
| -----------------
------------------------------------------------------------------------------------------------

Clock             WNS(ns)      TNS(ns)  TNS Failing Endpoints  TNS Total Endpoints      WHS(ns)      THS(ns)  THS Failing Endpoints  THS Total Endpoints     WPWS(ns)     TPWS(ns)  TPWS Failing Endpoints  TPWS Total Endpoints  
-----             -------      -------  ---------------------  -------------------      -------      -------  ---------------------  -------------------     --------     --------  ----------------------  --------------------  
sys_clk_pin         4.944        0.000                      0                   65        0.248        0.000                      0                   65        4.500        0.000                       0                    35  


------------------------------------------------------------------------------------------------
| Inter Clock Table
| -----------------
------------------------------------------------------------------------------------------------

From Clock    To Clock          WNS(ns)      TNS(ns)  TNS Failing Endpoints  TNS Total Endpoints      WHS(ns)      THS(ns)  THS Failing Endpoints  THS Total Endpoints  
----------    --------          -------      -------  ---------------------  -------------------      -------      -------  ---------------------  -------------------  


------------------------------------------------------------------------------------------------
| Other Path Groups Table
| -----------------------
------------------------------------------------------------------------------------------------

Path Group    From Clock    To Clock          WNS(ns)      TNS(ns)  TNS Failing Endpoints  TNS Total Endpoints      WHS(ns)      THS(ns)  THS Failing Endpoints  THS Total Endpoints  
----------    ----------    --------          -------      -------  ---------------------  -------------------      -------      -------  ---------------------  -------------------  


------------------------------------------------------------------------------------------------
| Timing Details
| --------------
------------------------------------------------------------------------------------------------


---------------------------------------------------------------------------------------------------
From Clock:  sys_clk_pin
  To Clock:  sys_clk_pin

Setup :            0  Failing Endpoints,  Worst Slack        4.944ns,  Total Violation        0.000ns
Hold  :            0  Failing Endpoints,  Worst Slack        0.248ns,  Total Violation        0.000ns
PW    :            0  Failing Endpoints,  Worst Slack        4.500ns,  Total Violation        0.000ns
---------------------------------------------------------------------------------------------------


Max Delay Paths
--------------------------------------------------------------------------------------
Slack (MET) :             4.944ns  (required time - arrival time)
  Source:                 Slow_Clk_0/count_reg[27]/C
                            (rising edge-triggered cell FDRE clocked by sys_clk_pin  {rise@0.000ns fall@5.000ns period=10.000ns})
  Destination:            Slow_Clk_0/count_reg[29]/R
                            (rising edge-triggered cell FDRE clocked by sys_clk_pin  {rise@0.000ns fall@5.000ns period=10.000ns})
  Path Group:             sys_clk_pin
  Path Type:              Setup (Max at Slow Process Corner)
  Requirement:            10.000ns  (sys_clk_pin rise@10.000ns - sys_clk_pin rise@0.000ns)
  Data Path Delay:        4.572ns  (logic 0.828ns (18.111%)  route 3.744ns (81.889%))
  Logic Levels:           3  (LUT4=2 LUT6=1)
  Clock Path Skew:        -0.020ns (DCD - SCD + CPR)
    Destination Clock Delay (DCD):    4.845ns = ( 14.845 - 10.000 ) 
    Source Clock Delay      (SCD):    5.139ns
    Clock Pessimism Removal (CPR):    0.274ns
  Clock Uncertainty:      0.035ns  ((TSJ^2 + TIJ^2)^1/2 + DJ) / 2 + PE
    Total System Jitter     (TSJ):    0.071ns
    Total Input Jitter      (TIJ):    0.000ns
    Discrete Jitter          (DJ):    0.000ns
    Phase Error              (PE):    0.000ns

    Location             Delay type                Incr(ns)  Path(ns)    Netlist Resource(s)
  -------------------------------------------------------------------    -------------------
                         (clock sys_clk_pin rise edge)
                                                      0.000     0.000 r  
    W5                                                0.000     0.000 r  Clk (IN)
                         net (fo=0)                   0.000     0.000    Clk
    W5                   IBUF (Prop_ibuf_I_O)         1.458     1.458 r  Clk_IBUF_inst/O
                         net (fo=1, routed)           1.967     3.425    Clk_IBUF
    BUFGCTRL_X0Y0        BUFG (Prop_bufg_I_O)         0.096     3.521 r  Clk_IBUF_BUFG_inst/O
                         net (fo=34, routed)          1.618     5.139    Slow_Clk_0/Clk_IBUF_BUFG
    SLICE_X62Y25         FDRE                                         r  Slow_Clk_0/count_reg[27]/C
  -------------------------------------------------------------------    -------------------
    SLICE_X62Y25         FDRE (Prop_fdre_C_Q)         0.456     5.595 f  Slow_Clk_0/count_reg[27]/Q
                         net (fo=2, routed)           0.860     6.455    Slow_Clk_0/count[27]
    SLICE_X63Y25         LUT4 (Prop_lut4_I0_O)        0.124     6.579 f  Slow_Clk_0/count[0]_i_7/O
                         net (fo=1, routed)           0.661     7.240    Slow_Clk_0/count[0]_i_7_n_0
    SLICE_X63Y24         LUT6 (Prop_lut6_I5_O)        0.124     7.364 f  Slow_Clk_0/count[0]_i_2/O
                         net (fo=4, routed)           0.867     8.231    Slow_Clk_0/count[0]_i_2_n_0
    SLICE_X63Y20         LUT4 (Prop_lut4_I1_O)        0.124     8.355 r  Slow_Clk_0/count[31]_i_1/O
                         net (fo=31, routed)          1.356     9.711    Slow_Clk_0/count[31]_i_1_n_0
    SLICE_X62Y26         FDRE                                         r  Slow_Clk_0/count_reg[29]/R
  -------------------------------------------------------------------    -------------------

                         (clock sys_clk_pin rise edge)
                                                     10.000    10.000 r  
    W5                                                0.000    10.000 r  Clk (IN)
                         net (fo=0)                   0.000    10.000    Clk
    W5                   IBUF (Prop_ibuf_I_O)         1.388    11.388 r  Clk_IBUF_inst/O
                         net (fo=1, routed)           1.862    13.250    Clk_IBUF
    BUFGCTRL_X0Y0        BUFG (Prop_bufg_I_O)         0.091    13.341 r  Clk_IBUF_BUFG_inst/O
                         net (fo=34, routed)          1.504    14.845    Slow_Clk_0/Clk_IBUF_BUFG
    SLICE_X62Y26         FDRE                                         r  Slow_Clk_0/count_reg[29]/C
                         clock pessimism              0.274    15.119    
                         clock uncertainty           -0.035    15.084    
    SLICE_X62Y26         FDRE (Setup_fdre_C_R)       -0.429    14.655    Slow_Clk_0/count_reg[29]
  -------------------------------------------------------------------
                         required time                         14.655    
                         arrival time                          -9.711    
  -------------------------------------------------------------------
                         slack                                  4.944    

Slack (MET) :             4.944ns  (required time - arrival time)
  Source:                 Slow_Clk_0/count_reg[27]/C
                            (rising edge-triggered cell FDRE clocked by sys_clk_pin  {rise@0.000ns fall@5.000ns period=10.000ns})
  Destination:            Slow_Clk_0/count_reg[30]/R
                            (rising edge-triggered cell FDRE clocked by sys_clk_pin  {rise@0.000ns fall@5.000ns period=10.000ns})
  Path Group:             sys_clk_pin
  Path Type:              Setup (Max at Slow Process Corner)
  Requirement:            10.000ns  (sys_clk_pin rise@10.000ns - sys_clk_pin rise@0.000ns)
  Data Path Delay:        4.572ns  (logic 0.828ns (18.111%)  route 3.744ns (81.889%))
  Logic Levels:           3  (LUT4=2 LUT6=1)
  Clock Path Skew:        -0.020ns (DCD - SCD + CPR)
    Destination Clock Delay (DCD):    4.845ns = ( 14.845 - 10.000 ) 
    Source Clock Delay      (SCD):    5.139ns
    Clock Pessimism Removal (CPR):    0.274ns
  Clock Uncertainty:      0.035ns  ((TSJ^2 + TIJ^2)^1/2 + DJ) / 2 + PE
    Total System Jitter     (TSJ):    0.071ns
    Total Input Jitter      (TIJ):    0.000ns
    Discrete Jitter          (DJ):    0.000ns
    Phase Error              (PE):    0.000ns

    Location             Delay type                Incr(ns)  Path(ns)    Netlist Resource(s)
  -------------------------------------------------------------------    -------------------
                         (clock sys_clk_pin rise edge)
                                                      0.000     0.000 r  
    W5                                                0.000     0.000 r  Clk (IN)
                         net (fo=0)                   0.000     0.000    Clk
    W5                   IBUF (Prop_ibuf_I_O)         1.458     1.458 r  Clk_IBUF_inst/O
                         net (fo=1, routed)           1.967     3.425    Clk_IBUF
    BUFGCTRL_X0Y0        BUFG (Prop_bufg_I_O)         0.096     3.521 r  Clk_IBUF_BUFG_inst/O
                         net (fo=34, routed)          1.618     5.139    Slow_Clk_0/Clk_IBUF_BUFG
    SLICE_X62Y25         FDRE                                         r  Slow_Clk_0/count_reg[27]/C
  -------------------------------------------------------------------    -------------------
    SLICE_X62Y25         FDRE (Prop_fdre_C_Q)         0.456     5.595 f  Slow_Clk_0/count_reg[27]/Q
                         net (fo=2, routed)           0.860     6.455    Slow_Clk_0/count[27]
    SLICE_X63Y25         LUT4 (Prop_lut4_I0_O)        0.124     6.579 f  Slow_Clk_0/count[0]_i_7/O
                         net (fo=1, routed)           0.661     7.240    Slow_Clk_0/count[0]_i_7_n_0
    SLICE_X63Y24         LUT6 (Prop_lut6_I5_O)        0.124     7.364 f  Slow_Clk_0/count[0]_i_2/O
                         net (fo=4, routed)           0.867     8.231    Slow_Clk_0/count[0]_i_2_n_0
    SLICE_X63Y20         LUT4 (Prop_lut4_I1_O)        0.124     8.355 r  Slow_Clk_0/count[31]_i_1/O
                         net (fo=31, routed)          1.356     9.711    Slow_Clk_0/count[31]_i_1_n_0
    SLICE_X62Y26         FDRE                                         r  Slow_Clk_0/count_reg[30]/R
  -------------------------------------------------------------------    -------------------

                         (clock sys_clk_pin rise edge)
                                                     10.000    10.000 r  
    W5                                                0.000    10.000 r  Clk (IN)
                         net (fo=0)                   0.000    10.000    Clk
    W5                   IBUF (Prop_ibuf_I_O)         1.388    11.388 r  Clk_IBUF_inst/O
                         net (fo=1, routed)           1.862    13.250    Clk_IBUF
    BUFGCTRL_X0Y0        BUFG (Prop_bufg_I_O)         0.091    13.341 r  Clk_IBUF_BUFG_inst/O
                         net (fo=34, routed)          1.504    14.845    Slow_Clk_0/Clk_IBUF_BUFG
    SLICE_X62Y26         FDRE                                         r  Slow_Clk_0/count_reg[30]/C
                         clock pessimism              0.274    15.119    
                         clock uncertainty           -0.035    15.084    
    SLICE_X62Y26         FDRE (Setup_fdre_C_R)       -0.429    14.655    Slow_Clk_0/count_reg[30]
  -------------------------------------------------------------------
                         required time                         14.655    
                         arrival time                          -9.711    
  -------------------------------------------------------------------
                         slack                                  4.944    

Slack (MET) :             4.944ns  (required time - arrival time)
  Source:                 Slow_Clk_0/count_reg[27]/C
                            (rising edge-triggered cell FDRE clocked by sys_clk_pin  {rise@0.000ns fall@5.000ns period=10.000ns})
  Destination:            Slow_Clk_0/count_reg[31]/R
                            (rising edge-triggered cell FDRE clocked by sys_clk_pin  {rise@0.000ns fall@5.000ns period=10.000ns})
  Path Group:             sys_clk_pin
  Path Type:              Setup (Max at Slow Process Corner)
  Requirement:            10.000ns  (sys_clk_pin rise@10.000ns - sys_clk_pin rise@0.000ns)
  Data Path Delay:        4.572ns  (logic 0.828ns (18.111%)  route 3.744ns (81.889%))
  Logic Levels:           3  (LUT4=2 LUT6=1)
  Clock Path Skew:        -0.020ns (DCD - SCD + CPR)
    Destination Clock Delay (DCD):    4.845ns = ( 14.845 - 10.000 ) 
    Source Clock Delay      (SCD):    5.139ns
    Clock Pessimism Removal (CPR):    0.274ns
  Clock Uncertainty:      0.035ns  ((TSJ^2 + TIJ^2)^1/2 + DJ) / 2 + PE
    Total System Jitter     (TSJ):    0.071ns
    Total Input Jitter      (TIJ):    0.000ns
    Discrete Jitter          (DJ):    0.000ns
    Phase Error              (PE):    0.000ns

    Location             Delay type                Incr(ns)  Path(ns)    Netlist Resource(s)
  -------------------------------------------------------------------    -------------------
                         (clock sys_clk_pin rise edge)
                                                      0.000     0.000 r  
    W5                                                0.000     0.000 r  Clk (IN)
                         net (fo=0)                   0.000     0.000    Clk
    W5                   IBUF (Prop_ibuf_I_O)         1.458     1.458 r  Clk_IBUF_inst/O
                         net (fo=1, routed)           1.967     3.425    Clk_IBUF
    BUFGCTRL_X0Y0        BUFG (Prop_bufg_I_O)         0.096     3.521 r  Clk_IBUF_BUFG_inst/O
                         net (fo=34, routed)          1.618     5.139    Slow_Clk_0/Clk_IBUF_BUFG
    SLICE_X62Y25         FDRE                                         r  Slow_Clk_0/count_reg[27]/C
  -------------------------------------------------------------------    -------------------
    SLICE_X62Y25         FDRE (Prop_fdre_C_Q)         0.456     5.595 f  Slow_Clk_0/count_reg[27]/Q
                         net (fo=2, routed)           0.860     6.455    Slow_Clk_0/count[27]
    SLICE_X63Y25         LUT4 (Prop_lut4_I0_O)        0.124     6.579 f  Slow_Clk_0/count[0]_i_7/O
                         net (fo=1, routed)           0.661     7.240    Slow_Clk_0/count[0]_i_7_n_0
    SLICE_X63Y24         LUT6 (Prop_lut6_I5_O)        0.124     7.364 f  Slow_Clk_0/count[0]_i_2/O
                         net (fo=4, routed)           0.867     8.231    Slow_Clk_0/count[0]_i_2_n_0
    SLICE_X63Y20         LUT4 (Prop_lut4_I1_O)        0.124     8.355 r  Slow_Clk_0/count[31]_i_1/O
                         net (fo=31, routed)          1.356     9.711    Slow_Clk_0/count[31]_i_1_n_0
    SLICE_X62Y26         FDRE                                         r  Slow_Clk_0/count_reg[31]/R
  -------------------------------------------------------------------    -------------------

                         (clock sys_clk_pin rise edge)
                                                     10.000    10.000 r  
    W5                                                0.000    10.000 r  Clk (IN)
                         net (fo=0)                   0.000    10.000    Clk
    W5                   IBUF (Prop_ibuf_I_O)         1.388    11.388 r  Clk_IBUF_inst/O
                         net (fo=1, routed)           1.862    13.250    Clk_IBUF
    BUFGCTRL_X0Y0        BUFG (Prop_bufg_I_O)         0.091    13.341 r  Clk_IBUF_BUFG_inst/O
                         net (fo=34, routed)          1.504    14.845    Slow_Clk_0/Clk_IBUF_BUFG
    SLICE_X62Y26         FDRE                                         r  Slow_Clk_0/count_reg[31]/C
                         clock pessimism              0.274    15.119    
                         clock uncertainty           -0.035    15.084    
    SLICE_X62Y26         FDRE (Setup_fdre_C_R)       -0.429    14.655    Slow_Clk_0/count_reg[31]
  -------------------------------------------------------------------
                         required time                         14.655    
                         arrival time                          -9.711    
  -------------------------------------------------------------------
                         slack                                  4.944    

Slack (MET) :             5.102ns  (required time - arrival time)
  Source:                 Slow_Clk_0/count_reg[27]/C
                            (rising edge-triggered cell FDRE clocked by sys_clk_pin  {rise@0.000ns fall@5.000ns period=10.000ns})
  Destination:            Slow_Clk_0/count_reg[25]/R
                            (rising edge-triggered cell FDRE clocked by sys_clk_pin  {rise@0.000ns fall@5.000ns period=10.000ns})
  Path Group:             sys_clk_pin
  Path Type:              Setup (Max at Slow Process Corner)
  Requirement:            10.000ns  (sys_clk_pin rise@10.000ns - sys_clk_pin rise@0.000ns)
  Data Path Delay:        4.433ns  (logic 0.828ns (18.676%)  route 3.605ns (81.324%))
  Logic Levels:           3  (LUT4=2 LUT6=1)
  Clock Path Skew:        0.000ns (DCD - SCD + CPR)
    Destination Clock Delay (DCD):    4.843ns = ( 14.843 - 10.000 ) 
    Source Clock Delay      (SCD):    5.139ns
    Clock Pessimism Removal (CPR):    0.296ns
  Clock Uncertainty:      0.035ns  ((TSJ^2 + TIJ^2)^1/2 + DJ) / 2 + PE
    Total System Jitter     (TSJ):    0.071ns
    Total Input Jitter      (TIJ):    0.000ns
    Discrete Jitter          (DJ):    0.000ns
    Phase Error              (PE):    0.000ns

    Location             Delay type                Incr(ns)  Path(ns)    Netlist Resource(s)
  -------------------------------------------------------------------    -------------------
                         (clock sys_clk_pin rise edge)
                                                      0.000     0.000 r  
    W5                                                0.000     0.000 r  Clk (IN)
                         net (fo=0)                   0.000     0.000    Clk
    W5                   IBUF (Prop_ibuf_I_O)         1.458     1.458 r  Clk_IBUF_inst/O
                         net (fo=1, routed)           1.967     3.425    Clk_IBUF
    BUFGCTRL_X0Y0        BUFG (Prop_bufg_I_O)         0.096     3.521 r  Clk_IBUF_BUFG_inst/O
                         net (fo=34, routed)          1.618     5.139    Slow_Clk_0/Clk_IBUF_BUFG
    SLICE_X62Y25         FDRE                                         r  Slow_Clk_0/count_reg[27]/C
  -------------------------------------------------------------------    -------------------
    SLICE_X62Y25         FDRE (Prop_fdre_C_Q)         0.456     5.595 f  Slow_Clk_0/count_reg[27]/Q
                         net (fo=2, routed)           0.860     6.455    Slow_Clk_0/count[27]
    SLICE_X63Y25         LUT4 (Prop_lut4_I0_O)        0.124     6.579 f  Slow_Clk_0/count[0]_i_7/O
                         net (fo=1, routed)           0.661     7.240    Slow_Clk_0/count[0]_i_7_n_0
    SLICE_X63Y24         LUT6 (Prop_lut6_I5_O)        0.124     7.364 f  Slow_Clk_0/count[0]_i_2/O
                         net (fo=4, routed)           0.867     8.231    Slow_Clk_0/count[0]_i_2_n_0
    SLICE_X63Y20         LUT4 (Prop_lut4_I1_O)        0.124     8.355 r  Slow_Clk_0/count[31]_i_1/O
                         net (fo=31, routed)          1.218     9.573    Slow_Clk_0/count[31]_i_1_n_0
    SLICE_X62Y25         FDRE                                         r  Slow_Clk_0/count_reg[25]/R
  -------------------------------------------------------------------    -------------------

                         (clock sys_clk_pin rise edge)
                                                     10.000    10.000 r  
    W5                                                0.000    10.000 r  Clk (IN)
                         net (fo=0)                   0.000    10.000    Clk
    W5                   IBUF (Prop_ibuf_I_O)         1.388    11.388 r  Clk_IBUF_inst/O
                         net (fo=1, routed)           1.862    13.250    Clk_IBUF
    BUFGCTRL_X0Y0        BUFG (Prop_bufg_I_O)         0.091    13.341 r  Clk_IBUF_BUFG_inst/O
                         net (fo=34, routed)          1.502    14.843    Slow_Clk_0/Clk_IBUF_BUFG
    SLICE_X62Y25         FDRE                                         r  Slow_Clk_0/count_reg[25]/C
                         clock pessimism              0.296    15.139    
                         clock uncertainty           -0.035    15.104    
    SLICE_X62Y25         FDRE (Setup_fdre_C_R)       -0.429    14.675    Slow_Clk_0/count_reg[25]
  -------------------------------------------------------------------
                         required time                         14.675    
                         arrival time                          -9.573    
  -------------------------------------------------------------------
                         slack                                  5.102    

Slack (MET) :             5.102ns  (required time - arrival time)
  Source:                 Slow_Clk_0/count_reg[27]/C
                            (rising edge-triggered cell FDRE clocked by sys_clk_pin  {rise@0.000ns fall@5.000ns period=10.000ns})
  Destination:            Slow_Clk_0/count_reg[26]/R
                            (rising edge-triggered cell FDRE clocked by sys_clk_pin  {rise@0.000ns fall@5.000ns period=10.000ns})
  Path Group:             sys_clk_pin
  Path Type:              Setup (Max at Slow Process Corner)
  Requirement:            10.000ns  (sys_clk_pin rise@10.000ns - sys_clk_pin rise@0.000ns)
  Data Path Delay:        4.433ns  (logic 0.828ns (18.676%)  route 3.605ns (81.324%))
  Logic Levels:           3  (LUT4=2 LUT6=1)
  Clock Path Skew:        0.000ns (DCD - SCD + CPR)
    Destination Clock Delay (DCD):    4.843ns = ( 14.843 - 10.000 ) 
    Source Clock Delay      (SCD):    5.139ns
    Clock Pessimism Removal (CPR):    0.296ns
  Clock Uncertainty:      0.035ns  ((TSJ^2 + TIJ^2)^1/2 + DJ) / 2 + PE
    Total System Jitter     (TSJ):    0.071ns
    Total Input Jitter      (TIJ):    0.000ns
    Discrete Jitter          (DJ):    0.000ns
    Phase Error              (PE):    0.000ns

    Location             Delay type                Incr(ns)  Path(ns)    Netlist Resource(s)
  -------------------------------------------------------------------    -------------------
                         (clock sys_clk_pin rise edge)
                                                      0.000     0.000 r  
    W5                                                0.000     0.000 r  Clk (IN)
                         net (fo=0)                   0.000     0.000    Clk
    W5                   IBUF (Prop_ibuf_I_O)         1.458     1.458 r  Clk_IBUF_inst/O
                         net (fo=1, routed)           1.967     3.425    Clk_IBUF
    BUFGCTRL_X0Y0        BUFG (Prop_bufg_I_O)         0.096     3.521 r  Clk_IBUF_BUFG_inst/O
                         net (fo=34, routed)          1.618     5.139    Slow_Clk_0/Clk_IBUF_BUFG
    SLICE_X62Y25         FDRE                                         r  Slow_Clk_0/count_reg[27]/C
  -------------------------------------------------------------------    -------------------
    SLICE_X62Y25         FDRE (Prop_fdre_C_Q)         0.456     5.595 f  Slow_Clk_0/count_reg[27]/Q
                         net (fo=2, routed)           0.860     6.455    Slow_Clk_0/count[27]
    SLICE_X63Y25         LUT4 (Prop_lut4_I0_O)        0.124     6.579 f  Slow_Clk_0/count[0]_i_7/O
                         net (fo=1, routed)           0.661     7.240    Slow_Clk_0/count[0]_i_7_n_0
    SLICE_X63Y24         LUT6 (Prop_lut6_I5_O)        0.124     7.364 f  Slow_Clk_0/count[0]_i_2/O
                         net (fo=4, routed)           0.867     8.231    Slow_Clk_0/count[0]_i_2_n_0
    SLICE_X63Y20         LUT4 (Prop_lut4_I1_O)        0.124     8.355 r  Slow_Clk_0/count[31]_i_1/O
                         net (fo=31, routed)          1.218     9.573    Slow_Clk_0/count[31]_i_1_n_0
    SLICE_X62Y25         FDRE                                         r  Slow_Clk_0/count_reg[26]/R
  -------------------------------------------------------------------    -------------------

                         (clock sys_clk_pin rise edge)
                                                     10.000    10.000 r  
    W5                                                0.000    10.000 r  Clk (IN)
                         net (fo=0)                   0.000    10.000    Clk
    W5                   IBUF (Prop_ibuf_I_O)         1.388    11.388 r  Clk_IBUF_inst/O
                         net (fo=1, routed)           1.862    13.250    Clk_IBUF
    BUFGCTRL_X0Y0        BUFG (Prop_bufg_I_O)         0.091    13.341 r  Clk_IBUF_BUFG_inst/O
                         net (fo=34, routed)          1.502    14.843    Slow_Clk_0/Clk_IBUF_BUFG
    SLICE_X62Y25         FDRE                                         r  Slow_Clk_0/count_reg[26]/C
                         clock pessimism              0.296    15.139    
                         clock uncertainty           -0.035    15.104    
    SLICE_X62Y25         FDRE (Setup_fdre_C_R)       -0.429    14.675    Slow_Clk_0/count_reg[26]
  -------------------------------------------------------------------
                         required time                         14.675    
                         arrival time                          -9.573    
  -------------------------------------------------------------------
                         slack                                  5.102    

Slack (MET) :             5.102ns  (required time - arrival time)
  Source:                 Slow_Clk_0/count_reg[27]/C
                            (rising edge-triggered cell FDRE clocked by sys_clk_pin  {rise@0.000ns fall@5.000ns period=10.000ns})
  Destination:            Slow_Clk_0/count_reg[27]/R
                            (rising edge-triggered cell FDRE clocked by sys_clk_pin  {rise@0.000ns fall@5.000ns period=10.000ns})
  Path Group:             sys_clk_pin
  Path Type:              Setup (Max at Slow Process Corner)
  Requirement:            10.000ns  (sys_clk_pin rise@10.000ns - sys_clk_pin rise@0.000ns)
  Data Path Delay:        4.433ns  (logic 0.828ns (18.676%)  route 3.605ns (81.324%))
  Logic Levels:           3  (LUT4=2 LUT6=1)
  Clock Path Skew:        0.000ns (DCD - SCD + CPR)
    Destination Clock Delay (DCD):    4.843ns = ( 14.843 - 10.000 ) 
    Source Clock Delay      (SCD):    5.139ns
    Clock Pessimism Removal (CPR):    0.296ns
  Clock Uncertainty:      0.035ns  ((TSJ^2 + TIJ^2)^1/2 + DJ) / 2 + PE
    Total System Jitter     (TSJ):    0.071ns
    Total Input Jitter      (TIJ):    0.000ns
    Discrete Jitter          (DJ):    0.000ns
    Phase Error              (PE):    0.000ns

    Location             Delay type                Incr(ns)  Path(ns)    Netlist Resource(s)
  -------------------------------------------------------------------    -------------------
                         (clock sys_clk_pin rise edge)
                                                      0.000     0.000 r  
    W5                                                0.000     0.000 r  Clk (IN)
                         net (fo=0)                   0.000     0.000    Clk
    W5                   IBUF (Prop_ibuf_I_O)         1.458     1.458 r  Clk_IBUF_inst/O
                         net (fo=1, routed)           1.967     3.425    Clk_IBUF
    BUFGCTRL_X0Y0        BUFG (Prop_bufg_I_O)         0.096     3.521 r  Clk_IBUF_BUFG_inst/O
                         net (fo=34, routed)          1.618     5.139    Slow_Clk_0/Clk_IBUF_BUFG
    SLICE_X62Y25         FDRE                                         r  Slow_Clk_0/count_reg[27]/C
  -------------------------------------------------------------------    -------------------
    SLICE_X62Y25         FDRE (Prop_fdre_C_Q)         0.456     5.595 f  Slow_Clk_0/count_reg[27]/Q
                         net (fo=2, routed)           0.860     6.455    Slow_Clk_0/count[27]
    SLICE_X63Y25         LUT4 (Prop_lut4_I0_O)        0.124     6.579 f  Slow_Clk_0/count[0]_i_7/O
                         net (fo=1, routed)           0.661     7.240    Slow_Clk_0/count[0]_i_7_n_0
    SLICE_X63Y24         LUT6 (Prop_lut6_I5_O)        0.124     7.364 f  Slow_Clk_0/count[0]_i_2/O
                         net (fo=4, routed)           0.867     8.231    Slow_Clk_0/count[0]_i_2_n_0
    SLICE_X63Y20         LUT4 (Prop_lut4_I1_O)        0.124     8.355 r  Slow_Clk_0/count[31]_i_1/O
                         net (fo=31, routed)          1.218     9.573    Slow_Clk_0/count[31]_i_1_n_0
    SLICE_X62Y25         FDRE                                         r  Slow_Clk_0/count_reg[27]/R
  -------------------------------------------------------------------    -------------------

                         (clock sys_clk_pin rise edge)
                                                     10.000    10.000 r  
    W5                                                0.000    10.000 r  Clk (IN)
                         net (fo=0)                   0.000    10.000    Clk
    W5                   IBUF (Prop_ibuf_I_O)         1.388    11.388 r  Clk_IBUF_inst/O
                         net (fo=1, routed)           1.862    13.250    Clk_IBUF
    BUFGCTRL_X0Y0        BUFG (Prop_bufg_I_O)         0.091    13.341 r  Clk_IBUF_BUFG_inst/O
                         net (fo=34, routed)          1.502    14.843    Slow_Clk_0/Clk_IBUF_BUFG
    SLICE_X62Y25         FDRE                                         r  Slow_Clk_0/count_reg[27]/C
                         clock pessimism              0.296    15.139    
                         clock uncertainty           -0.035    15.104    
    SLICE_X62Y25         FDRE (Setup_fdre_C_R)       -0.429    14.675    Slow_Clk_0/count_reg[27]
  -------------------------------------------------------------------
                         required time                         14.675    
                         arrival time                          -9.573    
  -------------------------------------------------------------------
                         slack                                  5.102    

Slack (MET) :             5.102ns  (required time - arrival time)
  Source:                 Slow_Clk_0/count_reg[27]/C
                            (rising edge-triggered cell FDRE clocked by sys_clk_pin  {rise@0.000ns fall@5.000ns period=10.000ns})
  Destination:            Slow_Clk_0/count_reg[28]/R
                            (rising edge-triggered cell FDRE clocked by sys_clk_pin  {rise@0.000ns fall@5.000ns period=10.000ns})
  Path Group:             sys_clk_pin
  Path Type:              Setup (Max at Slow Process Corner)
  Requirement:            10.000ns  (sys_clk_pin rise@10.000ns - sys_clk_pin rise@0.000ns)
  Data Path Delay:        4.433ns  (logic 0.828ns (18.676%)  route 3.605ns (81.324%))
  Logic Levels:           3  (LUT4=2 LUT6=1)
  Clock Path Skew:        0.000ns (DCD - SCD + CPR)
    Destination Clock Delay (DCD):    4.843ns = ( 14.843 - 10.000 ) 
    Source Clock Delay      (SCD):    5.139ns
    Clock Pessimism Removal (CPR):    0.296ns
  Clock Uncertainty:      0.035ns  ((TSJ^2 + TIJ^2)^1/2 + DJ) / 2 + PE
    Total System Jitter     (TSJ):    0.071ns
    Total Input Jitter      (TIJ):    0.000ns
    Discrete Jitter          (DJ):    0.000ns
    Phase Error              (PE):    0.000ns

    Location             Delay type                Incr(ns)  Path(ns)    Netlist Resource(s)
  -------------------------------------------------------------------    -------------------
                         (clock sys_clk_pin rise edge)
                                                      0.000     0.000 r  
    W5                                                0.000     0.000 r  Clk (IN)
                         net (fo=0)                   0.000     0.000    Clk
    W5                   IBUF (Prop_ibuf_I_O)         1.458     1.458 r  Clk_IBUF_inst/O
                         net (fo=1, routed)           1.967     3.425    Clk_IBUF
    BUFGCTRL_X0Y0        BUFG (Prop_bufg_I_O)         0.096     3.521 r  Clk_IBUF_BUFG_inst/O
                         net (fo=34, routed)          1.618     5.139    Slow_Clk_0/Clk_IBUF_BUFG
    SLICE_X62Y25         FDRE                                         r  Slow_Clk_0/count_reg[27]/C
  -------------------------------------------------------------------    -------------------
    SLICE_X62Y25         FDRE (Prop_fdre_C_Q)         0.456     5.595 f  Slow_Clk_0/count_reg[27]/Q
                         net (fo=2, routed)           0.860     6.455    Slow_Clk_0/count[27]
    SLICE_X63Y25         LUT4 (Prop_lut4_I0_O)        0.124     6.579 f  Slow_Clk_0/count[0]_i_7/O
                         net (fo=1, routed)           0.661     7.240    Slow_Clk_0/count[0]_i_7_n_0
    SLICE_X63Y24         LUT6 (Prop_lut6_I5_O)        0.124     7.364 f  Slow_Clk_0/count[0]_i_2/O
                         net (fo=4, routed)           0.867     8.231    Slow_Clk_0/count[0]_i_2_n_0
    SLICE_X63Y20         LUT4 (Prop_lut4_I1_O)        0.124     8.355 r  Slow_Clk_0/count[31]_i_1/O
                         net (fo=31, routed)          1.218     9.573    Slow_Clk_0/count[31]_i_1_n_0
    SLICE_X62Y25         FDRE                                         r  Slow_Clk_0/count_reg[28]/R
  -------------------------------------------------------------------    -------------------

                         (clock sys_clk_pin rise edge)
                                                     10.000    10.000 r  
    W5                                                0.000    10.000 r  Clk (IN)
                         net (fo=0)                   0.000    10.000    Clk
    W5                   IBUF (Prop_ibuf_I_O)         1.388    11.388 r  Clk_IBUF_inst/O
                         net (fo=1, routed)           1.862    13.250    Clk_IBUF
    BUFGCTRL_X0Y0        BUFG (Prop_bufg_I_O)         0.091    13.341 r  Clk_IBUF_BUFG_inst/O
                         net (fo=34, routed)          1.502    14.843    Slow_Clk_0/Clk_IBUF_BUFG
    SLICE_X62Y25         FDRE                                         r  Slow_Clk_0/count_reg[28]/C
                         clock pessimism              0.296    15.139    
                         clock uncertainty           -0.035    15.104    
    SLICE_X62Y25         FDRE (Setup_fdre_C_R)       -0.429    14.675    Slow_Clk_0/count_reg[28]
  -------------------------------------------------------------------
                         required time                         14.675    
                         arrival time                          -9.573    
  -------------------------------------------------------------------
                         slack                                  5.102    

Slack (MET) :             5.243ns  (required time - arrival time)
  Source:                 Slow_Clk_0/count_reg[27]/C
                            (rising edge-triggered cell FDRE clocked by sys_clk_pin  {rise@0.000ns fall@5.000ns period=10.000ns})
  Destination:            Slow_Clk_0/count_reg[21]/R
                            (rising edge-triggered cell FDRE clocked by sys_clk_pin  {rise@0.000ns fall@5.000ns period=10.000ns})
  Path Group:             sys_clk_pin
  Path Type:              Setup (Max at Slow Process Corner)
  Requirement:            10.000ns  (sys_clk_pin rise@10.000ns - sys_clk_pin rise@0.000ns)
  Data Path Delay:        4.257ns  (logic 0.828ns (19.450%)  route 3.429ns (80.550%))
  Logic Levels:           3  (LUT4=2 LUT6=1)
  Clock Path Skew:        -0.036ns (DCD - SCD + CPR)
    Destination Clock Delay (DCD):    4.843ns = ( 14.843 - 10.000 ) 
    Source Clock Delay      (SCD):    5.139ns
    Clock Pessimism Removal (CPR):    0.260ns
  Clock Uncertainty:      0.035ns  ((TSJ^2 + TIJ^2)^1/2 + DJ) / 2 + PE
    Total System Jitter     (TSJ):    0.071ns
    Total Input Jitter      (TIJ):    0.000ns
    Discrete Jitter          (DJ):    0.000ns
    Phase Error              (PE):    0.000ns

    Location             Delay type                Incr(ns)  Path(ns)    Netlist Resource(s)
  -------------------------------------------------------------------    -------------------
                         (clock sys_clk_pin rise edge)
                                                      0.000     0.000 r  
    W5                                                0.000     0.000 r  Clk (IN)
                         net (fo=0)                   0.000     0.000    Clk
    W5                   IBUF (Prop_ibuf_I_O)         1.458     1.458 r  Clk_IBUF_inst/O
                         net (fo=1, routed)           1.967     3.425    Clk_IBUF
    BUFGCTRL_X0Y0        BUFG (Prop_bufg_I_O)         0.096     3.521 r  Clk_IBUF_BUFG_inst/O
                         net (fo=34, routed)          1.618     5.139    Slow_Clk_0/Clk_IBUF_BUFG
    SLICE_X62Y25         FDRE                                         r  Slow_Clk_0/count_reg[27]/C
  -------------------------------------------------------------------    -------------------
    SLICE_X62Y25         FDRE (Prop_fdre_C_Q)         0.456     5.595 f  Slow_Clk_0/count_reg[27]/Q
                         net (fo=2, routed)           0.860     6.455    Slow_Clk_0/count[27]
    SLICE_X63Y25         LUT4 (Prop_lut4_I0_O)        0.124     6.579 f  Slow_Clk_0/count[0]_i_7/O
                         net (fo=1, routed)           0.661     7.240    Slow_Clk_0/count[0]_i_7_n_0
    SLICE_X63Y24         LUT6 (Prop_lut6_I5_O)        0.124     7.364 f  Slow_Clk_0/count[0]_i_2/O
                         net (fo=4, routed)           0.867     8.231    Slow_Clk_0/count[0]_i_2_n_0
    SLICE_X63Y20         LUT4 (Prop_lut4_I1_O)        0.124     8.355 r  Slow_Clk_0/count[31]_i_1/O
                         net (fo=31, routed)          1.041     9.396    Slow_Clk_0/count[31]_i_1_n_0
    SLICE_X62Y24         FDRE                                         r  Slow_Clk_0/count_reg[21]/R
  -------------------------------------------------------------------    -------------------

                         (clock sys_clk_pin rise edge)
                                                     10.000    10.000 r  
    W5                                                0.000    10.000 r  Clk (IN)
                         net (fo=0)                   0.000    10.000    Clk
    W5                   IBUF (Prop_ibuf_I_O)         1.388    11.388 r  Clk_IBUF_inst/O
                         net (fo=1, routed)           1.862    13.250    Clk_IBUF
    BUFGCTRL_X0Y0        BUFG (Prop_bufg_I_O)         0.091    13.341 r  Clk_IBUF_BUFG_inst/O
                         net (fo=34, routed)          1.502    14.843    Slow_Clk_0/Clk_IBUF_BUFG
    SLICE_X62Y24         FDRE                                         r  Slow_Clk_0/count_reg[21]/C
                         clock pessimism              0.260    15.103    
                         clock uncertainty           -0.035    15.068    
    SLICE_X62Y24         FDRE (Setup_fdre_C_R)       -0.429    14.639    Slow_Clk_0/count_reg[21]
  -------------------------------------------------------------------
                         required time                         14.639    
                         arrival time                          -9.396    
  -------------------------------------------------------------------
                         slack                                  5.243    

Slack (MET) :             5.243ns  (required time - arrival time)
  Source:                 Slow_Clk_0/count_reg[27]/C
                            (rising edge-triggered cell FDRE clocked by sys_clk_pin  {rise@0.000ns fall@5.000ns period=10.000ns})
  Destination:            Slow_Clk_0/count_reg[22]/R
                            (rising edge-triggered cell FDRE clocked by sys_clk_pin  {rise@0.000ns fall@5.000ns period=10.000ns})
  Path Group:             sys_clk_pin
  Path Type:              Setup (Max at Slow Process Corner)
  Requirement:            10.000ns  (sys_clk_pin rise@10.000ns - sys_clk_pin rise@0.000ns)
  Data Path Delay:        4.257ns  (logic 0.828ns (19.450%)  route 3.429ns (80.550%))
  Logic Levels:           3  (LUT4=2 LUT6=1)
  Clock Path Skew:        -0.036ns (DCD - SCD + CPR)
    Destination Clock Delay (DCD):    4.843ns = ( 14.843 - 10.000 ) 
    Source Clock Delay      (SCD):    5.139ns
    Clock Pessimism Removal (CPR):    0.260ns
  Clock Uncertainty:      0.035ns  ((TSJ^2 + TIJ^2)^1/2 + DJ) / 2 + PE
    Total System Jitter     (TSJ):    0.071ns
    Total Input Jitter      (TIJ):    0.000ns
    Discrete Jitter          (DJ):    0.000ns
    Phase Error              (PE):    0.000ns

    Location             Delay type                Incr(ns)  Path(ns)    Netlist Resource(s)
  -------------------------------------------------------------------    -------------------
                         (clock sys_clk_pin rise edge)
                                                      0.000     0.000 r  
    W5                                                0.000     0.000 r  Clk (IN)
                         net (fo=0)                   0.000     0.000    Clk
    W5                   IBUF (Prop_ibuf_I_O)         1.458     1.458 r  Clk_IBUF_inst/O
                         net (fo=1, routed)           1.967     3.425    Clk_IBUF
    BUFGCTRL_X0Y0        BUFG (Prop_bufg_I_O)         0.096     3.521 r  Clk_IBUF_BUFG_inst/O
                         net (fo=34, routed)          1.618     5.139    Slow_Clk_0/Clk_IBUF_BUFG
    SLICE_X62Y25         FDRE                                         r  Slow_Clk_0/count_reg[27]/C
  -------------------------------------------------------------------    -------------------
    SLICE_X62Y25         FDRE (Prop_fdre_C_Q)         0.456     5.595 f  Slow_Clk_0/count_reg[27]/Q
                         net (fo=2, routed)           0.860     6.455    Slow_Clk_0/count[27]
    SLICE_X63Y25         LUT4 (Prop_lut4_I0_O)        0.124     6.579 f  Slow_Clk_0/count[0]_i_7/O
                         net (fo=1, routed)           0.661     7.240    Slow_Clk_0/count[0]_i_7_n_0
    SLICE_X63Y24         LUT6 (Prop_lut6_I5_O)        0.124     7.364 f  Slow_Clk_0/count[0]_i_2/O
                         net (fo=4, routed)           0.867     8.231    Slow_Clk_0/count[0]_i_2_n_0
    SLICE_X63Y20         LUT4 (Prop_lut4_I1_O)        0.124     8.355 r  Slow_Clk_0/count[31]_i_1/O
                         net (fo=31, routed)          1.041     9.396    Slow_Clk_0/count[31]_i_1_n_0
    SLICE_X62Y24         FDRE                                         r  Slow_Clk_0/count_reg[22]/R
  -------------------------------------------------------------------    -------------------

                         (clock sys_clk_pin rise edge)
                                                     10.000    10.000 r  
    W5                                                0.000    10.000 r  Clk (IN)
                         net (fo=0)                   0.000    10.000    Clk
    W5                   IBUF (Prop_ibuf_I_O)         1.388    11.388 r  Clk_IBUF_inst/O
                         net (fo=1, routed)           1.862    13.250    Clk_IBUF
    BUFGCTRL_X0Y0        BUFG (Prop_bufg_I_O)         0.091    13.341 r  Clk_IBUF_BUFG_inst/O
                         net (fo=34, routed)          1.502    14.843    Slow_Clk_0/Clk_IBUF_BUFG
    SLICE_X62Y24         FDRE                                         r  Slow_Clk_0/count_reg[22]/C
                         clock pessimism              0.260    15.103    
                         clock uncertainty           -0.035    15.068    
    SLICE_X62Y24         FDRE (Setup_fdre_C_R)       -0.429    14.639    Slow_Clk_0/count_reg[22]
  -------------------------------------------------------------------
                         required time                         14.639    
                         arrival time                          -9.396    
  -------------------------------------------------------------------
                         slack                                  5.243    

Slack (MET) :             5.243ns  (required time - arrival time)
  Source:                 Slow_Clk_0/count_reg[27]/C
                            (rising edge-triggered cell FDRE clocked by sys_clk_pin  {rise@0.000ns fall@5.000ns period=10.000ns})
  Destination:            Slow_Clk_0/count_reg[23]/R
                            (rising edge-triggered cell FDRE clocked by sys_clk_pin  {rise@0.000ns fall@5.000ns period=10.000ns})
  Path Group:             sys_clk_pin
  Path Type:              Setup (Max at Slow Process Corner)
  Requirement:            10.000ns  (sys_clk_pin rise@10.000ns - sys_clk_pin rise@0.000ns)
  Data Path Delay:        4.257ns  (logic 0.828ns (19.450%)  route 3.429ns (80.550%))
  Logic Levels:           3  (LUT4=2 LUT6=1)
  Clock Path Skew:        -0.036ns (DCD - SCD + CPR)
    Destination Clock Delay (DCD):    4.843ns = ( 14.843 - 10.000 ) 
    Source Clock Delay      (SCD):    5.139ns
    Clock Pessimism Removal (CPR):    0.260ns
  Clock Uncertainty:      0.035ns  ((TSJ^2 + TIJ^2)^1/2 + DJ) / 2 + PE
    Total System Jitter     (TSJ):    0.071ns
    Total Input Jitter      (TIJ):    0.000ns
    Discrete Jitter          (DJ):    0.000ns
    Phase Error              (PE):    0.000ns

    Location             Delay type                Incr(ns)  Path(ns)    Netlist Resource(s)
  -------------------------------------------------------------------    -------------------
                         (clock sys_clk_pin rise edge)
                                                      0.000     0.000 r  
    W5                                                0.000     0.000 r  Clk (IN)
                         net (fo=0)                   0.000     0.000    Clk
    W5                   IBUF (Prop_ibuf_I_O)         1.458     1.458 r  Clk_IBUF_inst/O
                         net (fo=1, routed)           1.967     3.425    Clk_IBUF
    BUFGCTRL_X0Y0        BUFG (Prop_bufg_I_O)         0.096     3.521 r  Clk_IBUF_BUFG_inst/O
                         net (fo=34, routed)          1.618     5.139    Slow_Clk_0/Clk_IBUF_BUFG
    SLICE_X62Y25         FDRE                                         r  Slow_Clk_0/count_reg[27]/C
  -------------------------------------------------------------------    -------------------
    SLICE_X62Y25         FDRE (Prop_fdre_C_Q)         0.456     5.595 f  Slow_Clk_0/count_reg[27]/Q
                         net (fo=2, routed)           0.860     6.455    Slow_Clk_0/count[27]
    SLICE_X63Y25         LUT4 (Prop_lut4_I0_O)        0.124     6.579 f  Slow_Clk_0/count[0]_i_7/O
                         net (fo=1, routed)           0.661     7.240    Slow_Clk_0/count[0]_i_7_n_0
    SLICE_X63Y24         LUT6 (Prop_lut6_I5_O)        0.124     7.364 f  Slow_Clk_0/count[0]_i_2/O
                         net (fo=4, routed)           0.867     8.231    Slow_Clk_0/count[0]_i_2_n_0
    SLICE_X63Y20         LUT4 (Prop_lut4_I1_O)        0.124     8.355 r  Slow_Clk_0/count[31]_i_1/O
                         net (fo=31, routed)          1.041     9.396    Slow_Clk_0/count[31]_i_1_n_0
    SLICE_X62Y24         FDRE                                         r  Slow_Clk_0/count_reg[23]/R
  -------------------------------------------------------------------    -------------------

                         (clock sys_clk_pin rise edge)
                                                     10.000    10.000 r  
    W5                                                0.000    10.000 r  Clk (IN)
                         net (fo=0)                   0.000    10.000    Clk
    W5                   IBUF (Prop_ibuf_I_O)         1.388    11.388 r  Clk_IBUF_inst/O
                         net (fo=1, routed)           1.862    13.250    Clk_IBUF
    BUFGCTRL_X0Y0        BUFG (Prop_bufg_I_O)         0.091    13.341 r  Clk_IBUF_BUFG_inst/O
                         net (fo=34, routed)          1.502    14.843    Slow_Clk_0/Clk_IBUF_BUFG
    SLICE_X62Y24         FDRE                                         r  Slow_Clk_0/count_reg[23]/C
                         clock pessimism              0.260    15.103    
                         clock uncertainty           -0.035    15.068    
    SLICE_X62Y24         FDRE (Setup_fdre_C_R)       -0.429    14.639    Slow_Clk_0/count_reg[23]
  -------------------------------------------------------------------
                         required time                         14.639    
                         arrival time                          -9.396    
  -------------------------------------------------------------------
                         slack                                  5.243    





Min Delay Paths
--------------------------------------------------------------------------------------
Slack (MET) :             0.248ns  (arrival time - required time)
  Source:                 Slow_Clk_0/clk_status_reg/C
                            (rising edge-triggered cell FDRE clocked by sys_clk_pin  {rise@0.000ns fall@5.000ns period=10.000ns})
  Destination:            Slow_Clk_0/clk_status_reg/D
                            (rising edge-triggered cell FDRE clocked by sys_clk_pin  {rise@0.000ns fall@5.000ns period=10.000ns})
  Path Group:             sys_clk_pin
  Path Type:              Hold (Min at Fast Process Corner)
  Requirement:            0.000ns  (sys_clk_pin rise@0.000ns - sys_clk_pin rise@0.000ns)
  Data Path Delay:        0.340ns  (logic 0.186ns (54.728%)  route 0.154ns (45.272%))
  Logic Levels:           1  (LUT5=1)
  Clock Path Skew:        0.000ns (DCD - SCD - CPR)
    Destination Clock Delay (DCD):    1.982ns
    Source Clock Delay      (SCD):    1.469ns
    Clock Pessimism Removal (CPR):    0.513ns

    Location             Delay type                Incr(ns)  Path(ns)    Netlist Resource(s)
  -------------------------------------------------------------------    -------------------
                         (clock sys_clk_pin rise edge)
                                                      0.000     0.000 r  
    W5                                                0.000     0.000 r  Clk (IN)
                         net (fo=0)                   0.000     0.000    Clk
    W5                   IBUF (Prop_ibuf_I_O)         0.226     0.226 r  Clk_IBUF_inst/O
                         net (fo=1, routed)           0.631     0.858    Clk_IBUF
    BUFGCTRL_X0Y0        BUFG (Prop_bufg_I_O)         0.026     0.884 r  Clk_IBUF_BUFG_inst/O
                         net (fo=34, routed)          0.586     1.469    Slow_Clk_0/Clk_IBUF_BUFG
    SLICE_X65Y20         FDRE                                         r  Slow_Clk_0/clk_status_reg/C
  -------------------------------------------------------------------    -------------------
    SLICE_X65Y20         FDRE (Prop_fdre_C_Q)         0.141     1.610 r  Slow_Clk_0/clk_status_reg/Q
                         net (fo=2, routed)           0.154     1.764    Slow_Clk_0/clk_status
    SLICE_X65Y20         LUT5 (Prop_lut5_I4_O)        0.045     1.809 r  Slow_Clk_0/clk_status_i_1/O
                         net (fo=1, routed)           0.000     1.809    Slow_Clk_0/clk_status_i_1_n_0
    SLICE_X65Y20         FDRE                                         r  Slow_Clk_0/clk_status_reg/D
  -------------------------------------------------------------------    -------------------

                         (clock sys_clk_pin rise edge)
                                                      0.000     0.000 r  
    W5                                                0.000     0.000 r  Clk (IN)
                         net (fo=0)                   0.000     0.000    Clk
    W5                   IBUF (Prop_ibuf_I_O)         0.414     0.414 r  Clk_IBUF_inst/O
                         net (fo=1, routed)           0.685     1.099    Clk_IBUF
    BUFGCTRL_X0Y0        BUFG (Prop_bufg_I_O)         0.029     1.128 r  Clk_IBUF_BUFG_inst/O
                         net (fo=34, routed)          0.855     1.982    Slow_Clk_0/Clk_IBUF_BUFG
    SLICE_X65Y20         FDRE                                         r  Slow_Clk_0/clk_status_reg/C
                         clock pessimism             -0.513     1.469    
    SLICE_X65Y20         FDRE (Hold_fdre_C_D)         0.092     1.561    Slow_Clk_0/clk_status_reg
  -------------------------------------------------------------------
                         required time                         -1.561    
                         arrival time                           1.809    
  -------------------------------------------------------------------
                         slack                                  0.248    

Slack (MET) :             0.265ns  (arrival time - required time)
  Source:                 Slow_Clk_0/count_reg[0]/C
                            (rising edge-triggered cell FDRE clocked by sys_clk_pin  {rise@0.000ns fall@5.000ns period=10.000ns})
  Destination:            Slow_Clk_0/Clk_out_reg/D
                            (rising edge-triggered cell FDRE clocked by sys_clk_pin  {rise@0.000ns fall@5.000ns period=10.000ns})
  Path Group:             sys_clk_pin
  Path Type:              Hold (Min at Fast Process Corner)
  Requirement:            0.000ns  (sys_clk_pin rise@0.000ns - sys_clk_pin rise@0.000ns)
  Data Path Delay:        0.357ns  (logic 0.226ns (63.224%)  route 0.131ns (36.776%))
  Logic Levels:           1  (LUT6=1)
  Clock Path Skew:        0.000ns (DCD - SCD - CPR)
    Destination Clock Delay (DCD):    1.982ns
    Source Clock Delay      (SCD):    1.469ns
    Clock Pessimism Removal (CPR):    0.513ns

    Location             Delay type                Incr(ns)  Path(ns)    Netlist Resource(s)
  -------------------------------------------------------------------    -------------------
                         (clock sys_clk_pin rise edge)
                                                      0.000     0.000 r  
    W5                                                0.000     0.000 r  Clk (IN)
                         net (fo=0)                   0.000     0.000    Clk
    W5                   IBUF (Prop_ibuf_I_O)         0.226     0.226 r  Clk_IBUF_inst/O
                         net (fo=1, routed)           0.631     0.858    Clk_IBUF
    BUFGCTRL_X0Y0        BUFG (Prop_bufg_I_O)         0.026     0.884 r  Clk_IBUF_BUFG_inst/O
                         net (fo=34, routed)          0.586     1.469    Slow_Clk_0/Clk_IBUF_BUFG
    SLICE_X65Y20         FDRE                                         r  Slow_Clk_0/count_reg[0]/C
  -------------------------------------------------------------------    -------------------
    SLICE_X65Y20         FDRE (Prop_fdre_C_Q)         0.128     1.597 r  Slow_Clk_0/count_reg[0]/Q
                         net (fo=5, routed)           0.131     1.729    Slow_Clk_0/count[0]
    SLICE_X65Y20         LUT6 (Prop_lut6_I0_O)        0.098     1.827 r  Slow_Clk_0/Clk_out_i_1/O
                         net (fo=1, routed)           0.000     1.827    Slow_Clk_0/Clk_out_i_1_n_0
    SLICE_X65Y20         FDRE                                         r  Slow_Clk_0/Clk_out_reg/D
  -------------------------------------------------------------------    -------------------

                         (clock sys_clk_pin rise edge)
                                                      0.000     0.000 r  
    W5                                                0.000     0.000 r  Clk (IN)
                         net (fo=0)                   0.000     0.000    Clk
    W5                   IBUF (Prop_ibuf_I_O)         0.414     0.414 r  Clk_IBUF_inst/O
                         net (fo=1, routed)           0.685     1.099    Clk_IBUF
    BUFGCTRL_X0Y0        BUFG (Prop_bufg_I_O)         0.029     1.128 r  Clk_IBUF_BUFG_inst/O
                         net (fo=34, routed)          0.855     1.982    Slow_Clk_0/Clk_IBUF_BUFG
    SLICE_X65Y20         FDRE                                         r  Slow_Clk_0/Clk_out_reg/C
                         clock pessimism             -0.513     1.469    
    SLICE_X65Y20         FDRE (Hold_fdre_C_D)         0.092     1.561    Slow_Clk_0/Clk_out_reg
  -------------------------------------------------------------------
                         required time                         -1.561    
                         arrival time                           1.827    
  -------------------------------------------------------------------
                         slack                                  0.265    

Slack (MET) :             0.280ns  (arrival time - required time)
  Source:                 Slow_Clk_0/count_reg[11]/C
                            (rising edge-triggered cell FDRE clocked by sys_clk_pin  {rise@0.000ns fall@5.000ns period=10.000ns})
  Destination:            Slow_Clk_0/count_reg[11]/D
                            (rising edge-triggered cell FDRE clocked by sys_clk_pin  {rise@0.000ns fall@5.000ns period=10.000ns})
  Path Group:             sys_clk_pin
  Path Type:              Hold (Min at Fast Process Corner)
  Requirement:            0.000ns  (sys_clk_pin rise@0.000ns - sys_clk_pin rise@0.000ns)
  Data Path Delay:        0.385ns  (logic 0.252ns (65.465%)  route 0.133ns (34.535%))
  Logic Levels:           1  (CARRY4=1)
  Clock Path Skew:        0.000ns (DCD - SCD - CPR)
    Destination Clock Delay (DCD):    1.981ns
    Source Clock Delay      (SCD):    1.468ns
    Clock Pessimism Removal (CPR):    0.513ns

    Location             Delay type                Incr(ns)  Path(ns)    Netlist Resource(s)
  -------------------------------------------------------------------    -------------------
                         (clock sys_clk_pin rise edge)
                                                      0.000     0.000 r  
    W5                                                0.000     0.000 r  Clk (IN)
                         net (fo=0)                   0.000     0.000    Clk
    W5                   IBUF (Prop_ibuf_I_O)         0.226     0.226 r  Clk_IBUF_inst/O
                         net (fo=1, routed)           0.631     0.858    Clk_IBUF
    BUFGCTRL_X0Y0        BUFG (Prop_bufg_I_O)         0.026     0.884 r  Clk_IBUF_BUFG_inst/O
                         net (fo=34, routed)          0.585     1.468    Slow_Clk_0/Clk_IBUF_BUFG
    SLICE_X62Y21         FDRE                                         r  Slow_Clk_0/count_reg[11]/C
  -------------------------------------------------------------------    -------------------
    SLICE_X62Y21         FDRE (Prop_fdre_C_Q)         0.141     1.609 r  Slow_Clk_0/count_reg[11]/Q
                         net (fo=2, routed)           0.133     1.742    Slow_Clk_0/count[11]
    SLICE_X62Y21         CARRY4 (Prop_carry4_S[2]_O[2])
                                                      0.111     1.853 r  Slow_Clk_0/count_reg[12]_i_1/O[2]
                         net (fo=1, routed)           0.000     1.853    Slow_Clk_0/data0[11]
    SLICE_X62Y21         FDRE                                         r  Slow_Clk_0/count_reg[11]/D
  -------------------------------------------------------------------    -------------------

                         (clock sys_clk_pin rise edge)
                                                      0.000     0.000 r  
    W5                                                0.000     0.000 r  Clk (IN)
                         net (fo=0)                   0.000     0.000    Clk
    W5                   IBUF (Prop_ibuf_I_O)         0.414     0.414 r  Clk_IBUF_inst/O
                         net (fo=1, routed)           0.685     1.099    Clk_IBUF
    BUFGCTRL_X0Y0        BUFG (Prop_bufg_I_O)         0.029     1.128 r  Clk_IBUF_BUFG_inst/O
                         net (fo=34, routed)          0.854     1.981    Slow_Clk_0/Clk_IBUF_BUFG
    SLICE_X62Y21         FDRE                                         r  Slow_Clk_0/count_reg[11]/C
                         clock pessimism             -0.513     1.468    
    SLICE_X62Y21         FDRE (Hold_fdre_C_D)         0.105     1.573    Slow_Clk_0/count_reg[11]
  -------------------------------------------------------------------
                         required time                         -1.573    
                         arrival time                           1.853    
  -------------------------------------------------------------------
                         slack                                  0.280    

Slack (MET) :             0.280ns  (arrival time - required time)
  Source:                 Slow_Clk_0/count_reg[15]/C
                            (rising edge-triggered cell FDRE clocked by sys_clk_pin  {rise@0.000ns fall@5.000ns period=10.000ns})
  Destination:            Slow_Clk_0/count_reg[15]/D
                            (rising edge-triggered cell FDRE clocked by sys_clk_pin  {rise@0.000ns fall@5.000ns period=10.000ns})
  Path Group:             sys_clk_pin
  Path Type:              Hold (Min at Fast Process Corner)
  Requirement:            0.000ns  (sys_clk_pin rise@0.000ns - sys_clk_pin rise@0.000ns)
  Data Path Delay:        0.385ns  (logic 0.252ns (65.465%)  route 0.133ns (34.535%))
  Logic Levels:           1  (CARRY4=1)
  Clock Path Skew:        0.000ns (DCD - SCD - CPR)
    Destination Clock Delay (DCD):    1.980ns
    Source Clock Delay      (SCD):    1.468ns
    Clock Pessimism Removal (CPR):    0.512ns

    Location             Delay type                Incr(ns)  Path(ns)    Netlist Resource(s)
  -------------------------------------------------------------------    -------------------
                         (clock sys_clk_pin rise edge)
                                                      0.000     0.000 r  
    W5                                                0.000     0.000 r  Clk (IN)
                         net (fo=0)                   0.000     0.000    Clk
    W5                   IBUF (Prop_ibuf_I_O)         0.226     0.226 r  Clk_IBUF_inst/O
                         net (fo=1, routed)           0.631     0.858    Clk_IBUF
    BUFGCTRL_X0Y0        BUFG (Prop_bufg_I_O)         0.026     0.884 r  Clk_IBUF_BUFG_inst/O
                         net (fo=34, routed)          0.585     1.468    Slow_Clk_0/Clk_IBUF_BUFG
    SLICE_X62Y22         FDRE                                         r  Slow_Clk_0/count_reg[15]/C
  -------------------------------------------------------------------    -------------------
    SLICE_X62Y22         FDRE (Prop_fdre_C_Q)         0.141     1.609 r  Slow_Clk_0/count_reg[15]/Q
                         net (fo=2, routed)           0.133     1.742    Slow_Clk_0/count[15]
    SLICE_X62Y22         CARRY4 (Prop_carry4_S[2]_O[2])
                                                      0.111     1.853 r  Slow_Clk_0/count_reg[16]_i_1/O[2]
                         net (fo=1, routed)           0.000     1.853    Slow_Clk_0/data0[15]
    SLICE_X62Y22         FDRE                                         r  Slow_Clk_0/count_reg[15]/D
  -------------------------------------------------------------------    -------------------

                         (clock sys_clk_pin rise edge)
                                                      0.000     0.000 r  
    W5                                                0.000     0.000 r  Clk (IN)
                         net (fo=0)                   0.000     0.000    Clk
    W5                   IBUF (Prop_ibuf_I_O)         0.414     0.414 r  Clk_IBUF_inst/O
                         net (fo=1, routed)           0.685     1.099    Clk_IBUF
    BUFGCTRL_X0Y0        BUFG (Prop_bufg_I_O)         0.029     1.128 r  Clk_IBUF_BUFG_inst/O
                         net (fo=34, routed)          0.853     1.980    Slow_Clk_0/Clk_IBUF_BUFG
    SLICE_X62Y22         FDRE                                         r  Slow_Clk_0/count_reg[15]/C
                         clock pessimism             -0.512     1.468    
    SLICE_X62Y22         FDRE (Hold_fdre_C_D)         0.105     1.573    Slow_Clk_0/count_reg[15]
  -------------------------------------------------------------------
                         required time                         -1.573    
                         arrival time                           1.853    
  -------------------------------------------------------------------
                         slack                                  0.280    

Slack (MET) :             0.280ns  (arrival time - required time)
  Source:                 Slow_Clk_0/count_reg[19]/C
                            (rising edge-triggered cell FDRE clocked by sys_clk_pin  {rise@0.000ns fall@5.000ns period=10.000ns})
  Destination:            Slow_Clk_0/count_reg[19]/D
                            (rising edge-triggered cell FDRE clocked by sys_clk_pin  {rise@0.000ns fall@5.000ns period=10.000ns})
  Path Group:             sys_clk_pin
  Path Type:              Hold (Min at Fast Process Corner)
  Requirement:            0.000ns  (sys_clk_pin rise@0.000ns - sys_clk_pin rise@0.000ns)
  Data Path Delay:        0.385ns  (logic 0.252ns (65.465%)  route 0.133ns (34.535%))
  Logic Levels:           1  (CARRY4=1)
  Clock Path Skew:        0.000ns (DCD - SCD - CPR)
    Destination Clock Delay (DCD):    1.978ns
    Source Clock Delay      (SCD):    1.466ns
    Clock Pessimism Removal (CPR):    0.512ns

    Location             Delay type                Incr(ns)  Path(ns)    Netlist Resource(s)
  -------------------------------------------------------------------    -------------------
                         (clock sys_clk_pin rise edge)
                                                      0.000     0.000 r  
    W5                                                0.000     0.000 r  Clk (IN)
                         net (fo=0)                   0.000     0.000    Clk
    W5                   IBUF (Prop_ibuf_I_O)         0.226     0.226 r  Clk_IBUF_inst/O
                         net (fo=1, routed)           0.631     0.858    Clk_IBUF
    BUFGCTRL_X0Y0        BUFG (Prop_bufg_I_O)         0.026     0.884 r  Clk_IBUF_BUFG_inst/O
                         net (fo=34, routed)          0.583     1.466    Slow_Clk_0/Clk_IBUF_BUFG
    SLICE_X62Y23         FDRE                                         r  Slow_Clk_0/count_reg[19]/C
  -------------------------------------------------------------------    -------------------
    SLICE_X62Y23         FDRE (Prop_fdre_C_Q)         0.141     1.607 r  Slow_Clk_0/count_reg[19]/Q
                         net (fo=2, routed)           0.133     1.740    Slow_Clk_0/count[19]
    SLICE_X62Y23         CARRY4 (Prop_carry4_S[2]_O[2])
                                                      0.111     1.851 r  Slow_Clk_0/count_reg[20]_i_1/O[2]
                         net (fo=1, routed)           0.000     1.851    Slow_Clk_0/data0[19]
    SLICE_X62Y23         FDRE                                         r  Slow_Clk_0/count_reg[19]/D
  -------------------------------------------------------------------    -------------------

                         (clock sys_clk_pin rise edge)
                                                      0.000     0.000 r  
    W5                                                0.000     0.000 r  Clk (IN)
                         net (fo=0)                   0.000     0.000    Clk
    W5                   IBUF (Prop_ibuf_I_O)         0.414     0.414 r  Clk_IBUF_inst/O
                         net (fo=1, routed)           0.685     1.099    Clk_IBUF
    BUFGCTRL_X0Y0        BUFG (Prop_bufg_I_O)         0.029     1.128 r  Clk_IBUF_BUFG_inst/O
                         net (fo=34, routed)          0.851     1.978    Slow_Clk_0/Clk_IBUF_BUFG
    SLICE_X62Y23         FDRE                                         r  Slow_Clk_0/count_reg[19]/C
                         clock pessimism             -0.512     1.466    
    SLICE_X62Y23         FDRE (Hold_fdre_C_D)         0.105     1.571    Slow_Clk_0/count_reg[19]
  -------------------------------------------------------------------
                         required time                         -1.571    
                         arrival time                           1.851    
  -------------------------------------------------------------------
                         slack                                  0.280    

Slack (MET) :             0.280ns  (arrival time - required time)
  Source:                 Slow_Clk_0/count_reg[23]/C
                            (rising edge-triggered cell FDRE clocked by sys_clk_pin  {rise@0.000ns fall@5.000ns period=10.000ns})
  Destination:            Slow_Clk_0/count_reg[23]/D
                            (rising edge-triggered cell FDRE clocked by sys_clk_pin  {rise@0.000ns fall@5.000ns period=10.000ns})
  Path Group:             sys_clk_pin
  Path Type:              Hold (Min at Fast Process Corner)
  Requirement:            0.000ns  (sys_clk_pin rise@0.000ns - sys_clk_pin rise@0.000ns)
  Data Path Delay:        0.385ns  (logic 0.252ns (65.465%)  route 0.133ns (34.535%))
  Logic Levels:           1  (CARRY4=1)
  Clock Path Skew:        0.000ns (DCD - SCD - CPR)
    Destination Clock Delay (DCD):    1.977ns
    Source Clock Delay      (SCD):    1.465ns
    Clock Pessimism Removal (CPR):    0.512ns

    Location             Delay type                Incr(ns)  Path(ns)    Netlist Resource(s)
  -------------------------------------------------------------------    -------------------
                         (clock sys_clk_pin rise edge)
                                                      0.000     0.000 r  
    W5                                                0.000     0.000 r  Clk (IN)
                         net (fo=0)                   0.000     0.000    Clk
    W5                   IBUF (Prop_ibuf_I_O)         0.226     0.226 r  Clk_IBUF_inst/O
                         net (fo=1, routed)           0.631     0.858    Clk_IBUF
    BUFGCTRL_X0Y0        BUFG (Prop_bufg_I_O)         0.026     0.884 r  Clk_IBUF_BUFG_inst/O
                         net (fo=34, routed)          0.582     1.465    Slow_Clk_0/Clk_IBUF_BUFG
    SLICE_X62Y24         FDRE                                         r  Slow_Clk_0/count_reg[23]/C
  -------------------------------------------------------------------    -------------------
    SLICE_X62Y24         FDRE (Prop_fdre_C_Q)         0.141     1.606 r  Slow_Clk_0/count_reg[23]/Q
                         net (fo=2, routed)           0.133     1.739    Slow_Clk_0/count[23]
    SLICE_X62Y24         CARRY4 (Prop_carry4_S[2]_O[2])
                                                      0.111     1.850 r  Slow_Clk_0/count_reg[24]_i_1/O[2]
                         net (fo=1, routed)           0.000     1.850    Slow_Clk_0/data0[23]
    SLICE_X62Y24         FDRE                                         r  Slow_Clk_0/count_reg[23]/D
  -------------------------------------------------------------------    -------------------

                         (clock sys_clk_pin rise edge)
                                                      0.000     0.000 r  
    W5                                                0.000     0.000 r  Clk (IN)
                         net (fo=0)                   0.000     0.000    Clk
    W5                   IBUF (Prop_ibuf_I_O)         0.414     0.414 r  Clk_IBUF_inst/O
                         net (fo=1, routed)           0.685     1.099    Clk_IBUF
    BUFGCTRL_X0Y0        BUFG (Prop_bufg_I_O)         0.029     1.128 r  Clk_IBUF_BUFG_inst/O
                         net (fo=34, routed)          0.850     1.977    Slow_Clk_0/Clk_IBUF_BUFG
    SLICE_X62Y24         FDRE                                         r  Slow_Clk_0/count_reg[23]/C
                         clock pessimism             -0.512     1.465    
    SLICE_X62Y24         FDRE (Hold_fdre_C_D)         0.105     1.570    Slow_Clk_0/count_reg[23]
  -------------------------------------------------------------------
                         required time                         -1.570    
                         arrival time                           1.850    
  -------------------------------------------------------------------
                         slack                                  0.280    

Slack (MET) :             0.280ns  (arrival time - required time)
  Source:                 Slow_Clk_0/count_reg[27]/C
                            (rising edge-triggered cell FDRE clocked by sys_clk_pin  {rise@0.000ns fall@5.000ns period=10.000ns})
  Destination:            Slow_Clk_0/count_reg[27]/D
                            (rising edge-triggered cell FDRE clocked by sys_clk_pin  {rise@0.000ns fall@5.000ns period=10.000ns})
  Path Group:             sys_clk_pin
  Path Type:              Hold (Min at Fast Process Corner)
  Requirement:            0.000ns  (sys_clk_pin rise@0.000ns - sys_clk_pin rise@0.000ns)
  Data Path Delay:        0.385ns  (logic 0.252ns (65.465%)  route 0.133ns (34.535%))
  Logic Levels:           1  (CARRY4=1)
  Clock Path Skew:        0.000ns (DCD - SCD - CPR)
    Destination Clock Delay (DCD):    1.977ns
    Source Clock Delay      (SCD):    1.465ns
    Clock Pessimism Removal (CPR):    0.512ns

    Location             Delay type                Incr(ns)  Path(ns)    Netlist Resource(s)
  -------------------------------------------------------------------    -------------------
                         (clock sys_clk_pin rise edge)
                                                      0.000     0.000 r  
    W5                                                0.000     0.000 r  Clk (IN)
                         net (fo=0)                   0.000     0.000    Clk
    W5                   IBUF (Prop_ibuf_I_O)         0.226     0.226 r  Clk_IBUF_inst/O
                         net (fo=1, routed)           0.631     0.858    Clk_IBUF
    BUFGCTRL_X0Y0        BUFG (Prop_bufg_I_O)         0.026     0.884 r  Clk_IBUF_BUFG_inst/O
                         net (fo=34, routed)          0.582     1.465    Slow_Clk_0/Clk_IBUF_BUFG
    SLICE_X62Y25         FDRE                                         r  Slow_Clk_0/count_reg[27]/C
  -------------------------------------------------------------------    -------------------
    SLICE_X62Y25         FDRE (Prop_fdre_C_Q)         0.141     1.606 r  Slow_Clk_0/count_reg[27]/Q
                         net (fo=2, routed)           0.133     1.739    Slow_Clk_0/count[27]
    SLICE_X62Y25         CARRY4 (Prop_carry4_S[2]_O[2])
                                                      0.111     1.850 r  Slow_Clk_0/count_reg[28]_i_1/O[2]
                         net (fo=1, routed)           0.000     1.850    Slow_Clk_0/data0[27]
    SLICE_X62Y25         FDRE                                         r  Slow_Clk_0/count_reg[27]/D
  -------------------------------------------------------------------    -------------------

                         (clock sys_clk_pin rise edge)
                                                      0.000     0.000 r  
    W5                                                0.000     0.000 r  Clk (IN)
                         net (fo=0)                   0.000     0.000    Clk
    W5                   IBUF (Prop_ibuf_I_O)         0.414     0.414 r  Clk_IBUF_inst/O
                         net (fo=1, routed)           0.685     1.099    Clk_IBUF
    BUFGCTRL_X0Y0        BUFG (Prop_bufg_I_O)         0.029     1.128 r  Clk_IBUF_BUFG_inst/O
                         net (fo=34, routed)          0.850     1.977    Slow_Clk_0/Clk_IBUF_BUFG
    SLICE_X62Y25         FDRE                                         r  Slow_Clk_0/count_reg[27]/C
                         clock pessimism             -0.512     1.465    
    SLICE_X62Y25         FDRE (Hold_fdre_C_D)         0.105     1.570    Slow_Clk_0/count_reg[27]
  -------------------------------------------------------------------
                         required time                         -1.570    
                         arrival time                           1.850    
  -------------------------------------------------------------------
                         slack                                  0.280    

Slack (MET) :             0.280ns  (arrival time - required time)
  Source:                 Slow_Clk_0/count_reg[3]/C
                            (rising edge-triggered cell FDRE clocked by sys_clk_pin  {rise@0.000ns fall@5.000ns period=10.000ns})
  Destination:            Slow_Clk_0/count_reg[3]/D
                            (rising edge-triggered cell FDRE clocked by sys_clk_pin  {rise@0.000ns fall@5.000ns period=10.000ns})
  Path Group:             sys_clk_pin
  Path Type:              Hold (Min at Fast Process Corner)
  Requirement:            0.000ns  (sys_clk_pin rise@0.000ns - sys_clk_pin rise@0.000ns)
  Data Path Delay:        0.385ns  (logic 0.252ns (65.465%)  route 0.133ns (34.535%))
  Logic Levels:           1  (CARRY4=1)
  Clock Path Skew:        0.000ns (DCD - SCD - CPR)
    Destination Clock Delay (DCD):    1.983ns
    Source Clock Delay      (SCD):    1.470ns
    Clock Pessimism Removal (CPR):    0.513ns

    Location             Delay type                Incr(ns)  Path(ns)    Netlist Resource(s)
  -------------------------------------------------------------------    -------------------
                         (clock sys_clk_pin rise edge)
                                                      0.000     0.000 r  
    W5                                                0.000     0.000 r  Clk (IN)
                         net (fo=0)                   0.000     0.000    Clk
    W5                   IBUF (Prop_ibuf_I_O)         0.226     0.226 r  Clk_IBUF_inst/O
                         net (fo=1, routed)           0.631     0.858    Clk_IBUF
    BUFGCTRL_X0Y0        BUFG (Prop_bufg_I_O)         0.026     0.884 r  Clk_IBUF_BUFG_inst/O
                         net (fo=34, routed)          0.587     1.470    Slow_Clk_0/Clk_IBUF_BUFG
    SLICE_X62Y19         FDRE                                         r  Slow_Clk_0/count_reg[3]/C
  -------------------------------------------------------------------    -------------------
    SLICE_X62Y19         FDRE (Prop_fdre_C_Q)         0.141     1.611 r  Slow_Clk_0/count_reg[3]/Q
                         net (fo=2, routed)           0.133     1.744    Slow_Clk_0/count[3]
    SLICE_X62Y19         CARRY4 (Prop_carry4_S[2]_O[2])
                                                      0.111     1.855 r  Slow_Clk_0/count_reg[4]_i_1/O[2]
                         net (fo=1, routed)           0.000     1.855    Slow_Clk_0/data0[3]
    SLICE_X62Y19         FDRE                                         r  Slow_Clk_0/count_reg[3]/D
  -------------------------------------------------------------------    -------------------

                         (clock sys_clk_pin rise edge)
                                                      0.000     0.000 r  
    W5                                                0.000     0.000 r  Clk (IN)
                         net (fo=0)                   0.000     0.000    Clk
    W5                   IBUF (Prop_ibuf_I_O)         0.414     0.414 r  Clk_IBUF_inst/O
                         net (fo=1, routed)           0.685     1.099    Clk_IBUF
    BUFGCTRL_X0Y0        BUFG (Prop_bufg_I_O)         0.029     1.128 r  Clk_IBUF_BUFG_inst/O
                         net (fo=34, routed)          0.856     1.983    Slow_Clk_0/Clk_IBUF_BUFG
    SLICE_X62Y19         FDRE                                         r  Slow_Clk_0/count_reg[3]/C
                         clock pessimism             -0.513     1.470    
    SLICE_X62Y19         FDRE (Hold_fdre_C_D)         0.105     1.575    Slow_Clk_0/count_reg[3]
  -------------------------------------------------------------------
                         required time                         -1.575    
                         arrival time                           1.855    
  -------------------------------------------------------------------
                         slack                                  0.280    

Slack (MET) :             0.280ns  (arrival time - required time)
  Source:                 Slow_Clk_0/count_reg[7]/C
                            (rising edge-triggered cell FDRE clocked by sys_clk_pin  {rise@0.000ns fall@5.000ns period=10.000ns})
  Destination:            Slow_Clk_0/count_reg[7]/D
                            (rising edge-triggered cell FDRE clocked by sys_clk_pin  {rise@0.000ns fall@5.000ns period=10.000ns})
  Path Group:             sys_clk_pin
  Path Type:              Hold (Min at Fast Process Corner)
  Requirement:            0.000ns  (sys_clk_pin rise@0.000ns - sys_clk_pin rise@0.000ns)
  Data Path Delay:        0.385ns  (logic 0.252ns (65.465%)  route 0.133ns (34.535%))
  Logic Levels:           1  (CARRY4=1)
  Clock Path Skew:        0.000ns (DCD - SCD - CPR)
    Destination Clock Delay (DCD):    1.982ns
    Source Clock Delay      (SCD):    1.469ns
    Clock Pessimism Removal (CPR):    0.513ns

    Location             Delay type                Incr(ns)  Path(ns)    Netlist Resource(s)
  -------------------------------------------------------------------    -------------------
                         (clock sys_clk_pin rise edge)
                                                      0.000     0.000 r  
    W5                                                0.000     0.000 r  Clk (IN)
                         net (fo=0)                   0.000     0.000    Clk
    W5                   IBUF (Prop_ibuf_I_O)         0.226     0.226 r  Clk_IBUF_inst/O
                         net (fo=1, routed)           0.631     0.858    Clk_IBUF
    BUFGCTRL_X0Y0        BUFG (Prop_bufg_I_O)         0.026     0.884 r  Clk_IBUF_BUFG_inst/O
                         net (fo=34, routed)          0.586     1.469    Slow_Clk_0/Clk_IBUF_BUFG
    SLICE_X62Y20         FDRE                                         r  Slow_Clk_0/count_reg[7]/C
  -------------------------------------------------------------------    -------------------
    SLICE_X62Y20         FDRE (Prop_fdre_C_Q)         0.141     1.610 r  Slow_Clk_0/count_reg[7]/Q
                         net (fo=2, routed)           0.133     1.743    Slow_Clk_0/count[7]
    SLICE_X62Y20         CARRY4 (Prop_carry4_S[2]_O[2])
                                                      0.111     1.854 r  Slow_Clk_0/count_reg[8]_i_1/O[2]
                         net (fo=1, routed)           0.000     1.854    Slow_Clk_0/data0[7]
    SLICE_X62Y20         FDRE                                         r  Slow_Clk_0/count_reg[7]/D
  -------------------------------------------------------------------    -------------------

                         (clock sys_clk_pin rise edge)
                                                      0.000     0.000 r  
    W5                                                0.000     0.000 r  Clk (IN)
                         net (fo=0)                   0.000     0.000    Clk
    W5                   IBUF (Prop_ibuf_I_O)         0.414     0.414 r  Clk_IBUF_inst/O
                         net (fo=1, routed)           0.685     1.099    Clk_IBUF
    BUFGCTRL_X0Y0        BUFG (Prop_bufg_I_O)         0.029     1.128 r  Clk_IBUF_BUFG_inst/O
                         net (fo=34, routed)          0.855     1.982    Slow_Clk_0/Clk_IBUF_BUFG
    SLICE_X62Y20         FDRE                                         r  Slow_Clk_0/count_reg[7]/C
                         clock pessimism             -0.513     1.469    
    SLICE_X62Y20         FDRE (Hold_fdre_C_D)         0.105     1.574    Slow_Clk_0/count_reg[7]
  -------------------------------------------------------------------
                         required time                         -1.574    
                         arrival time                           1.854    
  -------------------------------------------------------------------
                         slack                                  0.280    

Slack (MET) :             0.281ns  (arrival time - required time)
  Source:                 Slow_Clk_0/count_reg[31]/C
                            (rising edge-triggered cell FDRE clocked by sys_clk_pin  {rise@0.000ns fall@5.000ns period=10.000ns})
  Destination:            Slow_Clk_0/count_reg[31]/D
                            (rising edge-triggered cell FDRE clocked by sys_clk_pin  {rise@0.000ns fall@5.000ns period=10.000ns})
  Path Group:             sys_clk_pin
  Path Type:              Hold (Min at Fast Process Corner)
  Requirement:            0.000ns  (sys_clk_pin rise@0.000ns - sys_clk_pin rise@0.000ns)
  Data Path Delay:        0.386ns  (logic 0.252ns (65.343%)  route 0.134ns (34.657%))
  Logic Levels:           1  (CARRY4=1)
  Clock Path Skew:        0.000ns (DCD - SCD - CPR)
    Destination Clock Delay (DCD):    1.978ns
    Source Clock Delay      (SCD):    1.466ns
    Clock Pessimism Removal (CPR):    0.512ns

    Location             Delay type                Incr(ns)  Path(ns)    Netlist Resource(s)
  -------------------------------------------------------------------    -------------------
                         (clock sys_clk_pin rise edge)
                                                      0.000     0.000 r  
    W5                                                0.000     0.000 r  Clk (IN)
                         net (fo=0)                   0.000     0.000    Clk
    W5                   IBUF (Prop_ibuf_I_O)         0.226     0.226 r  Clk_IBUF_inst/O
                         net (fo=1, routed)           0.631     0.858    Clk_IBUF
    BUFGCTRL_X0Y0        BUFG (Prop_bufg_I_O)         0.026     0.884 r  Clk_IBUF_BUFG_inst/O
                         net (fo=34, routed)          0.583     1.466    Slow_Clk_0/Clk_IBUF_BUFG
    SLICE_X62Y26         FDRE                                         r  Slow_Clk_0/count_reg[31]/C
  -------------------------------------------------------------------    -------------------
    SLICE_X62Y26         FDRE (Prop_fdre_C_Q)         0.141     1.607 r  Slow_Clk_0/count_reg[31]/Q
                         net (fo=2, routed)           0.134     1.741    Slow_Clk_0/count[31]
    SLICE_X62Y26         CARRY4 (Prop_carry4_S[2]_O[2])
                                                      0.111     1.852 r  Slow_Clk_0/count_reg[31]_i_2/O[2]
                         net (fo=1, routed)           0.000     1.852    Slow_Clk_0/data0[31]
    SLICE_X62Y26         FDRE                                         r  Slow_Clk_0/count_reg[31]/D
  -------------------------------------------------------------------    -------------------

                         (clock sys_clk_pin rise edge)
                                                      0.000     0.000 r  
    W5                                                0.000     0.000 r  Clk (IN)
                         net (fo=0)                   0.000     0.000    Clk
    W5                   IBUF (Prop_ibuf_I_O)         0.414     0.414 r  Clk_IBUF_inst/O
                         net (fo=1, routed)           0.685     1.099    Clk_IBUF
    BUFGCTRL_X0Y0        BUFG (Prop_bufg_I_O)         0.029     1.128 r  Clk_IBUF_BUFG_inst/O
                         net (fo=34, routed)          0.851     1.978    Slow_Clk_0/Clk_IBUF_BUFG
    SLICE_X62Y26         FDRE                                         r  Slow_Clk_0/count_reg[31]/C
                         clock pessimism             -0.512     1.466    
    SLICE_X62Y26         FDRE (Hold_fdre_C_D)         0.105     1.571    Slow_Clk_0/count_reg[31]
  -------------------------------------------------------------------
                         required time                         -1.571    
                         arrival time                           1.852    
  -------------------------------------------------------------------
                         slack                                  0.281    





Pulse Width Checks
--------------------------------------------------------------------------------------
Clock Name:         sys_clk_pin
Waveform(ns):       { 0.000 5.000 }
Period(ns):         10.000
Sources:            { Clk }

Check Type        Corner  Lib Pin  Reference Pin  Required(ns)  Actual(ns)  Slack(ns)  Location       Pin
Min Period        n/a     BUFG/I   n/a            2.155         10.000      7.845      BUFGCTRL_X0Y0  Clk_IBUF_BUFG_inst/I
Min Period        n/a     FDRE/C   n/a            1.000         10.000      9.000      SLICE_X65Y20   Slow_Clk_0/Clk_out_reg/C
Min Period        n/a     FDRE/C   n/a            1.000         10.000      9.000      SLICE_X65Y20   Slow_Clk_0/clk_status_reg/C
Min Period        n/a     FDRE/C   n/a            1.000         10.000      9.000      SLICE_X65Y20   Slow_Clk_0/count_reg[0]/C
Min Period        n/a     FDRE/C   n/a            1.000         10.000      9.000      SLICE_X62Y21   Slow_Clk_0/count_reg[10]/C
Min Period        n/a     FDRE/C   n/a            1.000         10.000      9.000      SLICE_X62Y21   Slow_Clk_0/count_reg[11]/C
Min Period        n/a     FDRE/C   n/a            1.000         10.000      9.000      SLICE_X62Y21   Slow_Clk_0/count_reg[12]/C
Min Period        n/a     FDRE/C   n/a            1.000         10.000      9.000      SLICE_X62Y22   Slow_Clk_0/count_reg[13]/C
Min Period        n/a     FDRE/C   n/a            1.000         10.000      9.000      SLICE_X62Y22   Slow_Clk_0/count_reg[14]/C
Min Period        n/a     FDRE/C   n/a            1.000         10.000      9.000      SLICE_X62Y22   Slow_Clk_0/count_reg[15]/C
Low Pulse Width   Slow    FDRE/C   n/a            0.500         5.000       4.500      SLICE_X65Y20   Slow_Clk_0/Clk_out_reg/C
Low Pulse Width   Slow    FDRE/C   n/a            0.500         5.000       4.500      SLICE_X65Y20   Slow_Clk_0/clk_status_reg/C
Low Pulse Width   Slow    FDRE/C   n/a            0.500         5.000       4.500      SLICE_X65Y20   Slow_Clk_0/count_reg[0]/C
Low Pulse Width   Slow    FDRE/C   n/a            0.500         5.000       4.500      SLICE_X62Y21   Slow_Clk_0/count_reg[10]/C
Low Pulse Width   Fast    FDRE/C   n/a            0.500         5.000       4.500      SLICE_X62Y21   Slow_Clk_0/count_reg[10]/C
Low Pulse Width   Slow    FDRE/C   n/a            0.500         5.000       4.500      SLICE_X62Y21   Slow_Clk_0/count_reg[11]/C
Low Pulse Width   Fast    FDRE/C   n/a            0.500         5.000       4.500      SLICE_X62Y21   Slow_Clk_0/count_reg[11]/C
Low Pulse Width   Slow    FDRE/C   n/a            0.500         5.000       4.500      SLICE_X62Y21   Slow_Clk_0/count_reg[12]/C
Low Pulse Width   Fast    FDRE/C   n/a            0.500         5.000       4.500      SLICE_X62Y21   Slow_Clk_0/count_reg[12]/C
Low Pulse Width   Fast    FDRE/C   n/a            0.500         5.000       4.500      SLICE_X62Y22   Slow_Clk_0/count_reg[13]/C
High Pulse Width  Slow    FDRE/C   n/a            0.500         5.000       4.500      SLICE_X62Y22   Slow_Clk_0/count_reg[13]/C
High Pulse Width  Slow    FDRE/C   n/a            0.500         5.000       4.500      SLICE_X62Y22   Slow_Clk_0/count_reg[14]/C
High Pulse Width  Slow    FDRE/C   n/a            0.500         5.000       4.500      SLICE_X62Y22   Slow_Clk_0/count_reg[15]/C
High Pulse Width  Slow    FDRE/C   n/a            0.500         5.000       4.500      SLICE_X62Y22   Slow_Clk_0/count_reg[16]/C
High Pulse Width  Slow    FDRE/C   n/a            0.500         5.000       4.500      SLICE_X62Y23   Slow_Clk_0/count_reg[17]/C
High Pulse Width  Slow    FDRE/C   n/a            0.500         5.000       4.500      SLICE_X62Y23   Slow_Clk_0/count_reg[18]/C
High Pulse Width  Slow    FDRE/C   n/a            0.500         5.000       4.500      SLICE_X62Y23   Slow_Clk_0/count_reg[19]/C
High Pulse Width  Slow    FDRE/C   n/a            0.500         5.000       4.500      SLICE_X62Y23   Slow_Clk_0/count_reg[20]/C
High Pulse Width  Slow    FDRE/C   n/a            0.500         5.000       4.500      SLICE_X62Y24   Slow_Clk_0/count_reg[21]/C
High Pulse Width  Slow    FDRE/C   n/a            0.500         5.000       4.500      SLICE_X62Y24   Slow_Clk_0/count_reg[22]/C



